stdClass Object
(
    [filename] => 154b6819-b72a-4da1-bd4a-276744d9def6
    [categoriesList] => Array
        (
            [0] => 148
        )

    [mainReport] => stdClass Object
        (
            [ReportDate] => 2013-10-15 16:36:00
            [Descript] => trying for the first time
            [dateSubmitReport] => 2013-10-15 16:39:40
            [idForm] => 32
            [SimCardSn] => 89233020500073533891
            [Title] => demo 
        )

    [location] => stdClass Object
        (
            [lng] => -0.2042742576436438
            [lat] => 5.557033507424478
            [name] => 
        )

    [user] => stdClass Object
        (
            [firstName] => kofi
            [email] => kofi.yeboah@yahoo.com
            [lastName] => yeboah
        )

    [additionReport] => Array
        (
            [0] => stdClass Object
                (
                    [value] => satisfied
                    [id] => 466
                )

        )

    [extname] => jpg
)
