stdClass Object
(
    [filename] => f528be3e-4ba5-4cb5-80d2-033f2d9bb074
    [categoriesList] => Array
        (
            [0] => 148
            [1] => 132
        )

    [mainReport] => stdClass Object
        (
            [ReportDate] => 2013-10-03 18:52:00
            [Descript] => tedt
            [dateSubmitReport] => 2013-10-03 18:55:30
            [idForm] => 44
            [SimCardSn] => 8901260131525001813
            [Title] => test
        )

    [location] => stdClass Object
        (
            [lng] => -1
            [lat] => -1
            [name] => 
        )

    [user] => stdClass Object
        (
            [firstName] => Gaurav
            [email] => grelhan@worldbank.org
            [lastName] => Relhan
        )

    [additionReport] => Array
        (
            [0] => stdClass Object
                (
                    [value] => satisfied
                    [id] => 466
                )

            [1] => stdClass Object
                (
                    [value] => ghjj
                    [id] => 676
                )

        )

    [extname] => jpg
)
