stdClass Object
(
    [categoriesList] => Array
        (
            [0] => 132
        )

    [mainReport] => stdClass Object
        (
            [ReportDate] => 2013-10-01 18:24:00:00
            [Descript] => test modified
            [dateSubmitReport] => 2013-10-01 18:30:43
            [idForm] => 32
            [SimCardSn] => 8901260131525001813
            [Title] => test
        )

    [location] => stdClass Object
        (
            [lng] => -77.0415646
            [lat] => 38.899153
            [name] => 
        )

    [user] => stdClass Object
        (
            [firstName] => Gaurav
            [email] => grelhan@worldbank.org
            [lastName] => Relhan
        )

    [additionReport] => Array
        (
            [0] => stdClass Object
                (
                    [value] => satisfied
                    [id] => 466
                )

        )

)
