stdClass Object
(
    [filename] => 3a78995e-ab55-4ac7-8c5f-5bd4b6603076
    [categoriesList] => Array
        (
            [0] => 135
        )

    [mainReport] => stdClass Object
        (
            [ReportDate] => 2013-10-15 11:02:00
            [Descript] => Testing
            [dateSubmitReport] => 2013-10-15 11:03:06
            [idForm] => 32
            [SimCardSn] => 8901260131525001813
            [Title] => Testing
        )

    [location] => stdClass Object
        (
            [lng] => -1
            [lat] => -1
            [name] => 
        )

    [user] => stdClass Object
        (
            [firstName] => Gaurav
            [email] => grelhan@worldbank.org
            [lastName] => Relhan
        )

    [additionReport] => Array
        (
            [0] => stdClass Object
                (
                    [value] => satisfied
                    [id] => 466
                )

        )

    [extname] => jpg
)
