stdClass Object
(
    [filename] => 04f19713-1865-4e96-9ede-9d0f9ab3257e
    [categoriesList] => Array
        (
            [0] => 138
        )

    [mainReport] => stdClass Object
        (
            [ReportDate] => 2013-08-20 11:56:00:00
            [Descript] => V
            [dateSubmitReport] => 2013-08-20 12:15:35
            [idForm] => 1
            [SimCardSn] => 89886971301400216183
            [Title] => Tedt5
        )

    [location] => stdClass Object
        (
            [lng] => -1
            [lat] => -1
            [name] => 
        )

    [user] => stdClass Object
        (
            [firstName] => H
            [email] => G
            [lastName] => Y
        )

    [additionReport] => Array
        (
            [0] => stdClass Object
                (
                    [value] => satisfied
                    [id] => 466
                )

        )

    [extname] => jpg
)
