stdClass Object
(
    [filename] => 9180b192-59aa-432f-8af8-da1defd7b3cc
    [categoriesList] => Array
        (
            [0] => 173
        )

    [mainReport] => stdClass Object
        (
            [ReportDate] => 2013-10-22 12:39:00
            [Descript] => Carlos Fernando 
            [dateSubmitReport] => 2013-10-22 12:48:22
            [idForm] => 44
            [SimCardSn] => 89233020500073533891
            [Title] => site inspection
        )

    [location] => stdClass Object
        (
            [lng] => 0.10571946242095813
            [lat] => 5.703574545278599
            [name] => 
        )

    [user] => stdClass Object
        (
            [firstName] => Kofi
            [email] => kofi.yeboah 
            [lastName] => Yeboah
        )

    [additionReport] => Array
        (
            [0] => stdClass Object
                (
                    [value] => Residential
                    [id] => 676
                )

            [1] => stdClass Object
                (
                    [value] => Dwelling
                    [id] => 677
                )

            [2] => stdClass Object
                (
                    [value] =>  Construction not started
                    [id] => 678
                )

            [3] => stdClass Object
                (
                    [value] => Without Permit
                    [id] => 679
                )

            [4] => stdClass Object
                (
                    [value] => 2013922
                    [id] => 680
                )

            [5] => stdClass Object
                (
                    [value] =>  Materials on site
                    [id] => 681
                )

            [6] => stdClass Object
                (
                    [value] => 
                    [id] => 682
                )

            [7] => stdClass Object
                (
                    [value] => Schemed Area
                    [id] => 683
                )

            [8] => stdClass Object
                (
                    [value] =>  2 Storey
                    [id] => 684
                )

            [9] => stdClass Object
                (
                    [value] => Community development land issues 
                    [id] => 685
                )

            [10] => stdClass Object
                (
                    [value] =>  Submitted
                    [id] => 686
                )

        )

    [extname] => jpg
)
