stdClass Object
(
    [filename] => 332b930b-a3bb-4731-8168-9a94b8a0e360
    [categoriesList] => Array
        (
            [0] => 148
            [1] => 124
        )

    [mainReport] => stdClass Object
        (
            [ReportDate] => 2013-10-04 17:17:00:00
            [Descript] => New testing
            [dateSubmitReport] => 2013-10-04 17:23:46
            [idForm] => 32
            [SimCardSn] => 8901260131525001813
            [Title] => testing new2
        )

    [location] => stdClass Object
        (
            [lng] => -77.15838504
            [lat] => 38.75991628
            [name] => 
        )

    [user] => stdClass Object
        (
            [firstName] => Gaurav
            [email] => grelhan@worldbank.org
            [lastName] => Relhan
        )

    [extname] => jpg
)
