stdClass Object
(
    [filename] => 87bafde9-a475-4c48-b88a-f2e3e46c1c28
    [categoriesList] => Array
        (
            [0] => 132
            [1] => 132
        )

    [mainReport] => stdClass Object
        (
            [ReportDate] => 2013-10-19 01:39:00
            [Descript] => passat 
            [dateSubmitReport] => 2013-10-19 13:40:42
            [idForm] => 44
            [SimCardSn] => 89233020500073533891
            [Title] => kwp 
        )

    [location] => stdClass Object
        (
            [lng] => -0.23459539707735252
            [lat] => 5.560055831876321
            [name] => 
        )

    [user] => stdClass Object
        (
            [firstName] => ft
            [email] => egg
            [lastName] => gr
        )

    [additionReport] => Array
        (
            [0] => stdClass Object
                (
                    [value] =>  Commercial
                    [id] => 676
                )

            [1] => stdClass Object
                (
                    [value] =>  school
                    [id] => 677
                )

            [2] => stdClass Object
                (
                    [value] =>  Commercial
                    [id] => 676
                )

            [3] => stdClass Object
                (
                    [value] =>  school
                    [id] => 677
                )

        )

    [extname] => jpg
)
