stdClass Object
(
    [filename] => 6b0092a3-111c-4d2f-bd72-6d4222ffac78
    [categoriesList] => Array
        (
            [0] => 154
            [1] => 136
            [2] => 158
            [3] => 168
            [4] => 169
        )

    [mainReport] => stdClass Object
        (
            [ReportDate] => 2013-10-01 18:01:00
            [Descript] => Dannnnn
            [dateSubmitReport] => 2013-10-01 18:02:53
            [idForm] => 1
            [SimCardSn] => 0
            [Title] => Dannnnn
        )

    [location] => stdClass Object
        (
            [lng] => 121.48505361988788
            [lat] => 25.005461337175056
            [name] => 235台灣新北市中和區中正路868-2號
        )

    [user] => stdClass Object
        (
            [firstName] => Dannnnn
            [email] => Dannnnn
            [lastName] => Dannnn
        )

    [additionReport] => Array
        (
            [0] => stdClass Object
                (
                    [value] => Residential
                    [id] => 414
                )

            [1] => stdClass Object
                (
                    [value] => Single Storey dwelling House
                    [id] => 413
                )

            [2] => stdClass Object
                (
                    [value] => 1
                    [id] => 419
                )

            [3] => stdClass Object
                (
                    [value] => 1
                    [id] => 420
                )

            [4] => stdClass Object
                (
                    [value] => Yes
                    [id] => 418
                )

            [5] => stdClass Object
                (
                    [value] => Yes
                    [id] => 416
                )

            [6] => stdClass Object
                (
                    [value] => 2013901
                    [id] => 423
                )

            [7] => stdClass Object
                (
                    [value] => 1-5
                    [id] => 422
                )

            [8] => stdClass Object
                (
                    [value] => Class
                    [id] => 425
                )

            [9] => stdClass Object
                (
                    [value] => 2013901
                    [id] => 426
                )

            [10] => stdClass Object
                (
                    [value] => 2013901
                    [id] => 427
                )

            [11] => stdClass Object
                (
                    [value] => 2013901
                    [id] => 428
                )

            [12] => stdClass Object
                (
                    [value] => 1-2
                    [id] => 429
                )

            [13] => stdClass Object
                (
                    [value] => 1
                    [id] => 430
                )

            [14] => stdClass Object
                (
                    [value] => 1
                    [id] => 431
                )

            [15] => stdClass Object
                (
                    [value] => 1
                    [id] => 432
                )

            [16] => stdClass Object
                (
                    [value] => 0
                    [id] => 433
                )

            [17] => stdClass Object
                (
                    [value] => Yes
                    [id] => 434
                )

            [18] => stdClass Object
                (
                    [value] => 90-100
                    [id] => 435
                )

            [19] => stdClass Object
                (
                    [value] => 100
                    [id] => 436
                )

        )

    [extname] => jpg
)
