stdClass Object
(
    [filename] => 9f070e76-2589-424b-af31-ef0b3170af91
    [categoriesList] => Array
        (
            [0] => 126
            [1] => 129
            [2] => 121
        )

    [mainReport] => stdClass Object
        (
            [ReportDate] => 2013-09-27 17:35:00
            [Descript] => Fccccc
            [dateSubmitReport] => 2013-09-27 17:36:56
            [idForm] => 1
            [SimCardSn] => 0
            [Title] => Cfccc
        )

    [location] => stdClass Object
        (
            [lng] => 121.48496125430854
            [lat] => 25.005537667994677
            [name] => 
        )

    [user] => stdClass Object
        (
            [firstName] => Ccccc
            [email] => Cccccc
            [lastName] => Ccccc
        )

    [additionReport] => Array
        (
            [0] => stdClass Object
                (
                    [value] => Primary
                    [id] => 414
                )

            [1] => stdClass Object
                (
                    [value] => 2 units
                    [id] => 415
                )

            [2] => stdClass Object
                (
                    [value] => Fully roofed
                    [id] => 415
                )

            [3] => stdClass Object
                (
                    [value] => Agbogblah
                    [id] => 413
                )

            [4] => stdClass Object
                (
                    [value] => 1
                    [id] => 419
                )

            [5] => stdClass Object
                (
                    [value] => 1
                    [id] => 420
                )

            [6] => stdClass Object
                (
                    [value] => Yes
                    [id] => 418
                )

            [7] => stdClass Object
                (
                    [value] => Yes
                    [id] => 416
                )

            [8] => stdClass Object
                (
                    [value] => 20130827
                    [id] => 423
                )

            [9] => stdClass Object
                (
                    [value] => 1-5
                    [id] => 422
                )

            [10] => stdClass Object
                (
                    [value] => Class
                    [id] => 425
                )

            [11] => stdClass Object
                (
                    [value] => 20130827
                    [id] => 426
                )

            [12] => stdClass Object
                (
                    [value] => 20130827
                    [id] => 427
                )

            [13] => stdClass Object
                (
                    [value] => 20130827
                    [id] => 428
                )

            [14] => stdClass Object
                (
                    [value] => 1-2
                    [id] => 429
                )

            [15] => stdClass Object
                (
                    [value] => 1
                    [id] => 430
                )

            [16] => stdClass Object
                (
                    [value] => 1
                    [id] => 431
                )

            [17] => stdClass Object
                (
                    [value] => 1
                    [id] => 432
                )

            [18] => stdClass Object
                (
                    [value] => 0
                    [id] => 433
                )

            [19] => stdClass Object
                (
                    [value] => Yes
                    [id] => 434
                )

            [20] => stdClass Object
                (
                    [value] => 90-100
                    [id] => 435
                )

            [21] => stdClass Object
                (
                    [value] => 100
                    [id] => 436
                )

        )

    [extname] => jpg
)
