stdClass Object
(
    [filename] => 4bb5ed6a-0c4c-4b9b-a651-5499dd79b20d
    [categoriesList] => Array
        (
            [0] => 154
            [1] => 139
            [2] => 158
            [3] => 168
        )

    [mainReport] => stdClass Object
        (
            [ReportDate] => 2013-10-02 16:57:00
            [Descript] => Test
            [dateSubmitReport] => 2013-10-02 16:58:17
            [idForm] => 1
            [SimCardSn] => 0
            [Title] => Edit upload photo test
        )

    [location] => stdClass Object
        (
            [lng] => 121.48512783499612
            [lat] => 25.005343312235546
            [name] => 
        )

    [user] => stdClass Object
        (
            [firstName] => Test
            [email] => Test
            [lastName] => Test
        )

    [additionReport] => Array
        (
            [0] => stdClass Object
                (
                    [value] => Residential
                    [id] => 414
                )

            [1] => stdClass Object
                (
                    [value] => Single Storey dwelling House
                    [id] => 413
                )

            [2] => stdClass Object
                (
                    [value] => 1
                    [id] => 419
                )

            [3] => stdClass Object
                (
                    [value] => 1
                    [id] => 420
                )

            [4] => stdClass Object
                (
                    [value] => Yes
                    [id] => 418
                )

            [5] => stdClass Object
                (
                    [value] => Yes
                    [id] => 416
                )

            [6] => stdClass Object
                (
                    [value] => 2013902
                    [id] => 423
                )

            [7] => stdClass Object
                (
                    [value] => 1-5
                    [id] => 422
                )

            [8] => stdClass Object
                (
                    [value] => Class
                    [id] => 425
                )

            [9] => stdClass Object
                (
                    [value] => 2013902
                    [id] => 426
                )

            [10] => stdClass Object
                (
                    [value] => 2013902
                    [id] => 427
                )

            [11] => stdClass Object
                (
                    [value] => 2013902
                    [id] => 428
                )

            [12] => stdClass Object
                (
                    [value] => 1-2
                    [id] => 429
                )

            [13] => stdClass Object
                (
                    [value] => 1
                    [id] => 430
                )

            [14] => stdClass Object
                (
                    [value] => 1
                    [id] => 431
                )

            [15] => stdClass Object
                (
                    [value] => 1
                    [id] => 432
                )

            [16] => stdClass Object
                (
                    [value] => 0
                    [id] => 433
                )

            [17] => stdClass Object
                (
                    [value] => Yes
                    [id] => 434
                )

            [18] => stdClass Object
                (
                    [value] => 90-100
                    [id] => 435
                )

            [19] => stdClass Object
                (
                    [value] => 100
                    [id] => 436
                )

        )

    [extname] => jpg
)
