stdClass Object
(
    [filename] => f3d6168f-a505-4d42-8d3d-821046fd56d2
    [categoriesList] => Array
        (
            [0] => 169
            [1] => 167
            [2] => 161
            [3] => 165
        )

    [mainReport] => stdClass Object
        (
            [ReportDate] => 2013-08-23 15:36:00
            [Descript] => Amay add fields then take a photo by camera
Need to add again
            [dateSubmitReport] => 2013-08-23 15:46:14
            [idForm] => 17
            [SimCardSn] => 89886971301400216183
            [Title] => Test on samsung s3 no wifi has gps
        )

    [location] => stdClass Object
        (
            [lng] => 121.49093344737837
            [lat] => 24.999115612826856
            [name] => 235台灣新北市中和區建八路195號
        )

    [user] => stdClass Object
        (
            [firstName] => 33333
            [email] => 34@gmail.com
            [lastName] => 44444
        )

    [additionReport] => Array
        (
            [0] => stdClass Object
                (
                    [value] => Very Reliable
                    [id] => 247
                )

            [1] => stdClass Object
                (
                    [value] => Very Effective
                    [id] => 248
                )

            [2] => stdClass Object
                (
                    [value] => Weekly
                    [id] => 244
                )

            [3] => stdClass Object
                (
                    [value] => Moderately Positive
                    [id] => 246
                )

        )

    [extname] => jpg
)
