stdClass Object
(
    [categoriesList] => Array
        (
            [0] => 132
        )

    [mainReport] => stdClass Object
        (
            [ReportDate] => 2013-10-19 13:05:00
            [Descript] => okai 
            [dateSubmitReport] => 2013-10-19 13:32:30
            [idForm] => 44
            [SimCardSn] => 89233020500073533891
            [Title] => advisory 
        )

    [location] => stdClass Object
        (
            [lng] => -0.23464780305550495
            [lat] => 5.560094949868792
            [name] => 
        )

    [user] => stdClass Object
        (
            [firstName] => g
            [email] => ad@.ttf.com
            [lastName] => h
        )

    [additionReport] => Array
        (
            [0] => stdClass Object
                (
                    [value] => Residential
                    [id] => 676
                )

            [1] => stdClass Object
                (
                    [value] => dwelling
                    [id] => 677
                )

        )

)
