stdClass Object
(
    [categoriesList] => Array
        (
            [0] => 138
        )

    [mainReport] => stdClass Object
        (
            [ReportDate] => 2013-08-22 13:54:00
            [Descript] => test
            [dateSubmitReport] => 2013-08-22 13:55:56
            [idForm] => 32
            [SimCardSn] => 
            [Title] => demo1
        )

    [location] => stdClass Object
        (
            [lng] => -1
            [lat] => -1
            [name] => 
        )

    [user] => stdClass Object
        (
            [firstName] => v
            [email] => g
            [lastName] => t
        )

    [additionReport] => Array
        (
            [0] => stdClass Object
                (
                    [value] => satisfied
                    [id] => 466
                )

        )

)
