Array
(
    [0] => stdClass Object
        (
            [value] => tt
            [id] => 18
        )

)
stdClass Object
(
    [value] => tt
    [id] => 18
)
Array
(
    [0] => stdClass Object
        (
            [value] => tt
            [id] => 18
        )

)
stdClass Object
(
    [value] => tt
    [id] => 18
)
Array
(
    [0] => stdClass Object
        (
        )

)
stdClass Object
(
)
Array
(
    [0] => stdClass Object
        (
            [value] => 1
            [id] => 18
        )

)
stdClass Object
(
    [value] => 1
    [id] => 18
)
Array
(
    [0] => stdClass Object
        (
            [value] => w
            [id] => 18
        )

)
stdClass Object
(
    [value] => w
    [id] => 18
)
Array
(
    [0] => stdClass Object
        (
        )

)
stdClass Object
(
)
Array
(
    [0] => stdClass Object
        (
        )

)
stdClass Object
(
)
Array
(
    [0] => stdClass Object
        (
        )

)
stdClass Object
(
)
Array
(
    [0] => stdClass Object
        (
        )

)
stdClass Object
(
)
Array
(
    [0] => stdClass Object
        (
            [value] => ww
            [id] => 18
        )

)
stdClass Object
(
    [value] => ww
    [id] => 18
)
Array
(
    [0] => stdClass Object
        (
            [value] => ww
            [id] => 18
        )

)
stdClass Object
(
    [value] => ww
    [id] => 18
)
