stdClass Object
(
    [filename] => 9c5a6a8f-b9b0-4a18-8283-387015294a1f
    [categoriesList] => Array
        (
            [0] => 138
            [1] => 154
        )

    [mainReport] => stdClass Object
        (
            [ReportDate] => 2013-10-07 17:10:00
            [Descript] => Photo
            [dateSubmitReport] => 2013-10-07 17:14:47
            [idForm] => 1
            [SimCardSn] => 0
            [Title] => Test photo submit
        )

    [location] => stdClass Object
        (
            [lng] => 121.4851417
            [lat] => 25.0050834
            [name] => 
        )

    [user] => stdClass Object
        (
            [firstName] => Ghana photo
            [email] => Test
            [lastName] => Test
        )

    [additionReport] => Array
        (
            [0] => stdClass Object
                (
                    [value] => Residential
                    [id] => 414
                )

            [1] => stdClass Object
                (
                    [value] => Single Storey dwelling House
                    [id] => 413
                )

            [2] => stdClass Object
                (
                    [value] => 1
                    [id] => 419
                )

            [3] => stdClass Object
                (
                    [value] => 1
                    [id] => 420
                )

            [4] => stdClass Object
                (
                    [value] => Yes
                    [id] => 418
                )

            [5] => stdClass Object
                (
                    [value] => Yes
                    [id] => 416
                )

            [6] => stdClass Object
                (
                    [value] => 2013907
                    [id] => 423
                )

            [7] => stdClass Object
                (
                    [value] => 1-5
                    [id] => 422
                )

            [8] => stdClass Object
                (
                    [value] => Class
                    [id] => 425
                )

            [9] => stdClass Object
                (
                    [value] => 2013907
                    [id] => 426
                )

            [10] => stdClass Object
                (
                    [value] => 2013907
                    [id] => 427
                )

            [11] => stdClass Object
                (
                    [value] => 2013907
                    [id] => 428
                )

            [12] => stdClass Object
                (
                    [value] => 1-2
                    [id] => 429
                )

            [13] => stdClass Object
                (
                    [value] => 1
                    [id] => 430
                )

            [14] => stdClass Object
                (
                    [value] => 1
                    [id] => 431
                )

            [15] => stdClass Object
                (
                    [value] => 1
                    [id] => 432
                )

            [16] => stdClass Object
                (
                    [value] => 0
                    [id] => 433
                )

            [17] => stdClass Object
                (
                    [value] => Yes
                    [id] => 434
                )

            [18] => stdClass Object
                (
                    [value] => 90-100
                    [id] => 435
                )

            [19] => stdClass Object
                (
                    [value] => 100
                    [id] => 436
                )

        )

    [extname] => jpg
)
