stdClass Object
(
    [filename] => 6a9ebf91-61cd-4f7f-836c-45bd60cdbd30
    [categoriesList] => Array
        (
            [0] => 151
        )

    [mainReport] => stdClass Object
        (
            [ReportDate] => 2013-09-27 13:25:00
            [Descript] => survey of school wash  facilities
            [dateSubmitReport] => 2013-09-27 13:31:11
            [idForm] => 43
            [Title] => Mapping of wash facilities
        )

    [location] => stdClass Object
        (
            [lng] => -0.172455
            [lat] => 5.555629
            [name] => 
        )

    [user] => stdClass Object
        (
            [firstName] => Ben
            [email] => alwaysben2000@gmail.com
            [lastName] => Lartey
        )

    [additionReport] => Array
        (
            [0] => stdClass Object
                (
                    [value] => 2013827
                    [id] => 613
                )

            [1] => stdClass Object
                (
                    [value] => 
                    [id] => 615
                )

            [2] => stdClass Object
                (
                    [value] => Tenashie B  Primary Schoool
                    [id] => 616
                )

            [3] => stdClass Object
                (
                    [value] => 
                    [id] => 617
                )

            [4] => stdClass Object
                (
                    [value] => 
                    [id] => 619
                )

            [5] => stdClass Object
                (
                    [value] => 
                    [id] => 620
                )

            [6] => stdClass Object
                (
                    [value] => 
                    [id] => 621
                )

            [7] => stdClass Object
                (
                    [value] => sachet water
                    [id] => 625
                )

            [8] => stdClass Object
                (
                    [value] => Public
                    [id] => 623
                )

            [9] => stdClass Object
                (
                    [value] => Headteacher
                    [id] => 624
                )

            [10] => stdClass Object
                (
                    [value] => Yes
                    [id] => 626
                )

            [11] => stdClass Object
                (
                    [value] => Storage tank
                    [id] => 627
                )

            [12] => stdClass Object
                (
                    [value] => collection service
                    [id] => 628
                )

            [13] => stdClass Object
                (
                    [value] => Public
                    [id] => 629
                )

            [14] => stdClass Object
                (
                    [value] => Yes
                    [id] => 630
                )

            [15] => stdClass Object
                (
                    [value] => Yes
                    [id] => 631
                )

            [16] => stdClass Object
                (
                    [value] => Yes
                    [id] => 632
                )

            [17] => stdClass Object
                (
                    [value] => Yes
                    [id] => 633
                )

            [18] => stdClass Object
                (
                    [value] => 
                    [id] => 635
                )

            [19] => stdClass Object
                (
                    [value] => Yes
                    [id] => 636
                )

            [20] => stdClass Object
                (
                    [value] => 
                    [id] => 637
                )

            [21] => stdClass Object
                (
                    [value] => Yes
                    [id] => 638
                )

            [22] => stdClass Object
                (
                    [value] => Traditional Pit
                    [id] => 639
                )

            [23] => stdClass Object
                (
                    [value] => Yes
                    [id] => 640
                )

            [24] => stdClass Object
                (
                    [value] => Yes
                    [id] => 641
                )

            [25] => stdClass Object
                (
                    [value] => Yes
                    [id] => 642
                )

            [26] => stdClass Object
                (
                    [value] => Yes
                    [id] => 644
                )

            [27] => stdClass Object
                (
                    [value] => Yes
                    [id] => 647
                )

            [28] => stdClass Object
                (
                    [value] => Neatly kept
                    [id] => 648
                )

            [29] => stdClass Object
                (
                    [value] => Yes
                    [id] => 649
                )

            [30] => stdClass Object
                (
                    [value] => Yes
                    [id] => 650
                )

            [31] => stdClass Object
                (
                    [value] => Yes
                    [id] => 651
                )

            [32] => stdClass Object
                (
                    [value] => Very convenient
                    [id] => 652
                )

            [33] => stdClass Object
                (
                    [value] => Yes 
                    [id] => 653
                )

            [34] => stdClass Object
                (
                    [value] => Yes
                    [id] => 654
                )

            [35] => stdClass Object
                (
                    [value] => Yes
                    [id] => 655
                )

            [36] => stdClass Object
                (
                    [value] => 
                    [id] => 656
                )

            [37] => stdClass Object
                (
                    [value] => Yes
                    [id] => 657
                )

            [38] => stdClass Object
                (
                    [value] => Yes
                    [id] => 658
                )

            [39] => stdClass Object
                (
                    [value] => Yes
                    [id] => 659
                )

            [40] => stdClass Object
                (
                    [value] => Yes
                    [id] => 660
                )

            [41] => stdClass Object
                (
                    [value] => Yes
                    [id] => 661
                )

            [42] => stdClass Object
                (
                    [value] => Yes
                    [id] => 662
                )

            [43] => stdClass Object
                (
                    [value] => Yes
                    [id] => 663
                )

            [44] => stdClass Object
                (
                    [value] => Yes
                    [id] => 664
                )

            [45] => stdClass Object
                (
                    [value] => Yes
                    [id] => 665
                )

            [46] => stdClass Object
                (
                    [value] => Yes
                    [id] => 666
                )

            [47] => stdClass Object
                (
                    [value] => Yes
                    [id] => 667
                )

            [48] => stdClass Object
                (
                    [value] => Yes
                    [id] => 668
                )

            [49] => stdClass Object
                (
                    [value] => Yes
                    [id] => 669
                )

            [50] => stdClass Object
                (
                    [value] => Yes
                    [id] => 671
                )

        )

    [extname] => jpg
)
