stdClass Object
(
    [categoriesList] => Array
        (
            [0] => 138
        )

    [mainReport] => stdClass Object
        (
            [ReportDate] => 2013-09-25 16:09:00:00
            [Descript] => Hgfe
            [dateSubmitReport] => 2013-09-30 11:13:38
            [idForm] => 1
            [SimCardSn] => 0
            [Title] => Tt
        )

    [location] => stdClass Object
        (
            [lng] => 121.48502114
            [lat] => 25.00559298
            [name] => 
        )

    [user] => stdClass Object
        (
            [firstName] => HSU
            [email] => PEARL
            [lastName] => Pearl
        )

    [additionReport] => Array
        (
            [0] => stdClass Object
                (
                    [value] => Primary
                    [id] => 414
                )

            [1] => stdClass Object
                (
                    [value] => Agbogblah
                    [id] => 413
                )

            [2] => stdClass Object
                (
                    [value] => 1
                    [id] => 419
                )

            [3] => stdClass Object
                (
                    [value] => 1
                    [id] => 420
                )

            [4] => stdClass Object
                (
                    [value] => Yes
                    [id] => 418
                )

            [5] => stdClass Object
                (
                    [value] => Yes
                    [id] => 416
                )

            [6] => stdClass Object
                (
                    [value] => 20130825
                    [id] => 423
                )

            [7] => stdClass Object
                (
                    [value] => 1-5
                    [id] => 422
                )

            [8] => stdClass Object
                (
                    [value] => Class
                    [id] => 425
                )

            [9] => stdClass Object
                (
                    [value] => 20130825
                    [id] => 426
                )

            [10] => stdClass Object
                (
                    [value] => 20130825
                    [id] => 427
                )

            [11] => stdClass Object
                (
                    [value] => 20130825
                    [id] => 428
                )

            [12] => stdClass Object
                (
                    [value] => 1-2
                    [id] => 429
                )

            [13] => stdClass Object
                (
                    [value] => 1
                    [id] => 430
                )

            [14] => stdClass Object
                (
                    [value] => 1
                    [id] => 431
                )

            [15] => stdClass Object
                (
                    [value] => 1
                    [id] => 432
                )

            [16] => stdClass Object
                (
                    [value] => 0
                    [id] => 433
                )

            [17] => stdClass Object
                (
                    [value] => Yes
                    [id] => 434
                )

            [18] => stdClass Object
                (
                    [value] => 90-100
                    [id] => 435
                )

            [19] => stdClass Object
                (
                    [value] => 100
                    [id] => 436
                )

        )

)
