stdClass Object
(
    [categoriesList] => Array
        (
            [0] => 170
        )

    [mainReport] => stdClass Object
        (
            [ReportDate] => 2013-10-09 13:02:00
            [Descript] => fence wall
            [dateSubmitReport] => 2013-10-09 13:18:32
            [idForm] => 1
            [Title] => jonathan 
        )

    [location] => stdClass Object
        (
            [lng] => 0.148105
            [lat] => 5.804625
            [name] => opp . bundase  shooting range
        )

    [user] => stdClass Object
        (
            [firstName] => kofi 
            [email] => kofi.yeboah@yahoo.com
            [lastName] => yeboah 
        )

    [additionReport] => Array
        (
            [0] => stdClass Object
                (
                    [value] => 100
                    [id] => -1
                )

        )

)
