stdClass Object
(
    [filename] => ced5b4c3-aad2-49bc-930c-39b7c7d126c7
    [categoriesList] => Array
        (
            [0] => 138
            [1] => 148
            [2] => 132
            [3] => 163
            [4] => 138
            [5] => 148
            [6] => 132
            [7] => 163
            [8] => 138
            [9] => 148
            [10] => 132
            [11] => 163
        )

    [mainReport] => stdClass Object
        (
            [ReportDate] => 2013-08-23 14:31:00
            [Descript] => Amay
            [dateSubmitReport] => 2013-08-23 14:37:43
            [idForm] => 1
            [SimCardSn] => 89886971301400216183
            [Title] => Test on samsung s with wifi
        )

    [location] => stdClass Object
        (
            [lng] => -1
            [lat] => -1
            [name] => 
        )

    [user] => stdClass Object
        (
            [firstName] => Aaaaa
            [email] => Ac@gmail.com
            [lastName] => Ccccc
        )

    [additionReport] => Array
        (
            [0] => stdClass Object
                (
                    [value] => Primary
                    [id] => 414
                )

            [1] => stdClass Object
                (
                    [value] => 6 units
                    [id] => 415
                )

            [2] => stdClass Object
                (
                    [value] => Agbogblah
                    [id] => 413
                )

            [3] => stdClass Object
                (
                    [value] => 3
                    [id] => 419
                )

            [4] => stdClass Object
                (
                    [value] => Mathematics
                    [id] => 424
                )

            [5] => stdClass Object
                (
                    [value] => 1
                    [id] => 420
                )

            [6] => stdClass Object
                (
                    [value] => Yes
                    [id] => 418
                )

            [7] => stdClass Object
                (
                    [value] => Yes
                    [id] => 416
                )

            [8] => stdClass Object
                (
                    [value] => 20130723
                    [id] => 423
                )

            [9] => stdClass Object
                (
                    [value] => 1-5
                    [id] => 422
                )

            [10] => stdClass Object
                (
                    [value] => Class
                    [id] => 425
                )

            [11] => stdClass Object
                (
                    [value] => 20130723
                    [id] => 426
                )

            [12] => stdClass Object
                (
                    [value] => 20130723
                    [id] => 427
                )

            [13] => stdClass Object
                (
                    [value] => 20130723
                    [id] => 428
                )

            [14] => stdClass Object
                (
                    [value] => 1-2
                    [id] => 429
                )

            [15] => stdClass Object
                (
                    [value] => 1
                    [id] => 430
                )

            [16] => stdClass Object
                (
                    [value] => 1
                    [id] => 431
                )

            [17] => stdClass Object
                (
                    [value] => 1
                    [id] => 432
                )

            [18] => stdClass Object
                (
                    [value] => 0
                    [id] => 433
                )

            [19] => stdClass Object
                (
                    [value] => Yes
                    [id] => 434
                )

            [20] => stdClass Object
                (
                    [value] => 90-100
                    [id] => 435
                )

            [21] => stdClass Object
                (
                    [value] => 100
                    [id] => 436
                )

            [22] => stdClass Object
                (
                    [value] => Primary
                    [id] => 414
                )

            [23] => stdClass Object
                (
                    [value] => 6 units
                    [id] => 415
                )

            [24] => stdClass Object
                (
                    [value] => Agbogblah
                    [id] => 413
                )

            [25] => stdClass Object
                (
                    [value] => 3
                    [id] => 419
                )

            [26] => stdClass Object
                (
                    [value] => Mathematics
                    [id] => 424
                )

            [27] => stdClass Object
                (
                    [value] => 1
                    [id] => 420
                )

            [28] => stdClass Object
                (
                    [value] => Yes
                    [id] => 418
                )

            [29] => stdClass Object
                (
                    [value] => Yes
                    [id] => 416
                )

            [30] => stdClass Object
                (
                    [value] => 20130723
                    [id] => 423
                )

            [31] => stdClass Object
                (
                    [value] => 1-5
                    [id] => 422
                )

            [32] => stdClass Object
                (
                    [value] => Class
                    [id] => 425
                )

            [33] => stdClass Object
                (
                    [value] => 20130723
                    [id] => 426
                )

            [34] => stdClass Object
                (
                    [value] => 20130723
                    [id] => 427
                )

            [35] => stdClass Object
                (
                    [value] => 20130723
                    [id] => 428
                )

            [36] => stdClass Object
                (
                    [value] => 1-2
                    [id] => 429
                )

            [37] => stdClass Object
                (
                    [value] => 1
                    [id] => 430
                )

            [38] => stdClass Object
                (
                    [value] => 1
                    [id] => 431
                )

            [39] => stdClass Object
                (
                    [value] => 1
                    [id] => 432
                )

            [40] => stdClass Object
                (
                    [value] => 0
                    [id] => 433
                )

            [41] => stdClass Object
                (
                    [value] => Yes
                    [id] => 434
                )

            [42] => stdClass Object
                (
                    [value] => 90-100
                    [id] => 435
                )

            [43] => stdClass Object
                (
                    [value] => 100
                    [id] => 436
                )

            [44] => stdClass Object
                (
                    [value] => Primary
                    [id] => 414
                )

            [45] => stdClass Object
                (
                    [value] => 6 units
                    [id] => 415
                )

            [46] => stdClass Object
                (
                    [value] => Agbogblah
                    [id] => 413
                )

            [47] => stdClass Object
                (
                    [value] => 3
                    [id] => 419
                )

            [48] => stdClass Object
                (
                    [value] => Mathematics
                    [id] => 424
                )

            [49] => stdClass Object
                (
                    [value] => 1
                    [id] => 420
                )

            [50] => stdClass Object
                (
                    [value] => Yes
                    [id] => 418
                )

            [51] => stdClass Object
                (
                    [value] => Yes
                    [id] => 416
                )

            [52] => stdClass Object
                (
                    [value] => 20130723
                    [id] => 423
                )

            [53] => stdClass Object
                (
                    [value] => 1-5
                    [id] => 422
                )

            [54] => stdClass Object
                (
                    [value] => Class
                    [id] => 425
                )

            [55] => stdClass Object
                (
                    [value] => 20130723
                    [id] => 426
                )

            [56] => stdClass Object
                (
                    [value] => 20130723
                    [id] => 427
                )

            [57] => stdClass Object
                (
                    [value] => 20130723
                    [id] => 428
                )

            [58] => stdClass Object
                (
                    [value] => 1-2
                    [id] => 429
                )

            [59] => stdClass Object
                (
                    [value] => 1
                    [id] => 430
                )

            [60] => stdClass Object
                (
                    [value] => 1
                    [id] => 431
                )

            [61] => stdClass Object
                (
                    [value] => 1
                    [id] => 432
                )

            [62] => stdClass Object
                (
                    [value] => 0
                    [id] => 433
                )

            [63] => stdClass Object
                (
                    [value] => Yes
                    [id] => 434
                )

            [64] => stdClass Object
                (
                    [value] => 90-100
                    [id] => 435
                )

            [65] => stdClass Object
                (
                    [value] => 100
                    [id] => 436
                )

        )

    [extname] => jpg
)
