stdClass Object
(
    [categoriesList] => Array
        (
            [0] => 147
            [1] => 152
        )

    [mainReport] => stdClass Object
        (
            [ReportDate] => 2013-09-24 15:17:00:00
            [Descript] => Ch
            [dateSubmitReport] => 2013-09-30 15:04:24
            [idForm] => 1
            [SimCardSn] => 0
            [Title] => Gi
        )

    [location] => stdClass Object
        (
            [lng] => 121.48515520522567
            [lat] => 25.005367691944908
            [name] => 235?????????????544?14?
        )

    [user] => stdClass Object
        (
            [firstName] => Ggg
            [email] => Ggggg
            [lastName] => Gggg
        )

    [additionReport] => Array
        (
            [0] => stdClass Object
                (
                    [value] => Primary
                    [id] => 414
                )

            [1] => stdClass Object
                (
                    [value] => Agbogblah
                    [id] => 413
                )

            [2] => stdClass Object
                (
                    [value] => 1
                    [id] => 419
                )

            [3] => stdClass Object
                (
                    [value] => 1
                    [id] => 420
                )

            [4] => stdClass Object
                (
                    [value] => Yes
                    [id] => 418
                )

            [5] => stdClass Object
                (
                    [value] => Yes
                    [id] => 416
                )

            [6] => stdClass Object
                (
                    [value] => 20130824
                    [id] => 423
                )

            [7] => stdClass Object
                (
                    [value] => 1-5
                    [id] => 422
                )

            [8] => stdClass Object
                (
                    [value] => Class
                    [id] => 425
                )

            [9] => stdClass Object
                (
                    [value] => 20130824
                    [id] => 426
                )

            [10] => stdClass Object
                (
                    [value] => 20130824
                    [id] => 427
                )

            [11] => stdClass Object
                (
                    [value] => 20130824
                    [id] => 428
                )

            [12] => stdClass Object
                (
                    [value] => 1-2
                    [id] => 429
                )

            [13] => stdClass Object
                (
                    [value] => 1
                    [id] => 430
                )

            [14] => stdClass Object
                (
                    [value] => 1
                    [id] => 431
                )

            [15] => stdClass Object
                (
                    [value] => 1
                    [id] => 432
                )

            [16] => stdClass Object
                (
                    [value] => 0
                    [id] => 433
                )

            [17] => stdClass Object
                (
                    [value] => Yes
                    [id] => 434
                )

            [18] => stdClass Object
                (
                    [value] => 90-100
                    [id] => 435
                )

            [19] => stdClass Object
                (
                    [value] => 100
                    [id] => 436
                )

        )

)
