stdClass Object
(
    [filename] => adf9e878-2e8f-44a6-bb4a-7028af13137e
    [categoriesList] => Array
        (
            [0] => 173
        )

    [mainReport] => stdClass Object
        (
            [ReportDate] => 2013-10-22 08:52:00
            [Descript] => Development Application 
            [dateSubmitReport] => 2013-10-22 00:56:47
            [idForm] => 44
            [SimCardSn] => 89233020500073533891
            [Title] => Samuel Tetteh 
        )

    [location] => stdClass Object
        (
            [lng] => -0.20432745677766698
            [lat] => 5.557170770745965
            [name] => 
        )

    [user] => stdClass Object
        (
            [firstName] => kofi 
            [email] => kofi.yeboah@yahoo.com
            [lastName] => Yeboah
        )

    [additionReport] => Array
        (
            [0] => stdClass Object
                (
                    [value] => Residential
                    [id] => 676
                )

            [1] => stdClass Object
                (
                    [value] => Dwelling
                    [id] => 677
                )

            [2] => stdClass Object
                (
                    [value] => Footing
                    [id] => 678
                )

            [3] => stdClass Object
                (
                    [value] => Without Permit
                    [id] => 679
                )

            [4] => stdClass Object
                (
                    [value] => 2013922
                    [id] => 680
                )

            [5] => stdClass Object
                (
                    [value] =>  No Site Activity
                    [id] => 681
                )

            [6] => stdClass Object
                (
                    [value] => Samuel Tetteh Ani 
                    [id] => 682
                )

            [7] => stdClass Object
                (
                    [value] => Schemed Area
                    [id] => 683
                )

            [8] => stdClass Object
                (
                    [value] => Single Storey
                    [id] => 684
                )

            [9] => stdClass Object
                (
                    [value] => Landuse. is residential but parcel not conforming 
                    [id] => 685
                )

            [10] => stdClass Object
                (
                    [value] =>  Submitted
                    [id] => 686
                )

        )

    [extname] => jpg
)
