stdClass Object
(
    [filename] => 01cc2eb1-d9e8-491f-821c-c40711aa8647
    [categoriesList] => Array
        (
            [0] => 138
            [1] => 148
            [2] => 132
            [3] => 163
        )

    [mainReport] => stdClass Object
        (
            [ReportDate] => 2013-08-23 14:43:00
            [Descript] => Amay
            [dateSubmitReport] => 2013-08-23 14:46:19
            [idForm] => 11
            [SimCardSn] => 89886971301400216183
            [Title] => Test on samsung s3 without wifi has gps
        )

    [location] => stdClass Object
        (
            [lng] => 121.49104722621152
            [lat] => 24.998926892847116
            [name] => 
        )

    [user] => stdClass Object
        (
            [firstName] => Ppp
            [email] => Pl@gmail.com
            [lastName] => Lll
        )

    [additionReport] => Array
        (
            [0] => stdClass Object
                (
                    [value] => Ttt
                    [id] => 53
                )

            [1] => stdClass Object
                (
                    [value] => Ppp
                    [id] => 54
                )

            [2] => stdClass Object
                (
                    [value] => Private
                    [id] => 55
                )

            [3] => stdClass Object
                (
                    [value] => 1 to 5years
                    [id] => 56
                )

            [4] => stdClass Object
                (
                    [value] =>  T-roll
                    [id] => 481
                )

            [5] => stdClass Object
                (
                    [value] => 10
                    [id] => 58
                )

            [6] => stdClass Object
                (
                    [value] => Yes
                    [id] => 59
                )

            [7] => stdClass Object
                (
                    [value] => 10GHp
                    [id] => 60
                )

            [8] => stdClass Object
                (
                    [value] => Children
                    [id] => 61
                )

            [9] => stdClass Object
                (
                    [value] => Local Assembly
                    [id] => 62
                )

            [10] => stdClass Object
                (
                    [value] => Once
                    [id] => 63
                )

            [11] => stdClass Object
                (
                    [value] => Once
                    [id] => 64
                )

            [12] => stdClass Object
                (
                    [value] => Detergent
                    [id] => 65
                )

            [13] => stdClass Object
                (
                    [value] => Yes
                    [id] => 66
                )

            [14] => stdClass Object
                (
                    [value] => Yes
                    [id] => 67
                )

            [15] => stdClass Object
                (
                    [value] => Yes
                    [id] => 68
                )

            [16] => stdClass Object
                (
                    [value] => 6 hours
                    [id] => 69
                )

            [17] => stdClass Object
                (
                    [value] => Yes
                    [id] => 71
                )

            [18] => stdClass Object
                (
                    [value] => Monthly
                    [id] => 72
                )

            [19] => stdClass Object
                (
                    [value] => Painting
                    [id] => 73
                )

            [20] => stdClass Object
                (
                    [value] => Yes
                    [id] => 74
                )

            [21] => stdClass Object
                (
                    [value] => Paper
                    [id] => 75
                )

            [22] => stdClass Object
                (
                    [value] => Burning
                    [id] => 76
                )

            [23] => stdClass Object
                (
                    [value] => Yes
                    [id] => 77
                )

            [24] => stdClass Object
                (
                    [value] => 100m
                    [id] => 78
                )

            [25] => stdClass Object
                (
                    [value] =>  201-300
                    [id] => 480
                )

        )

    [extname] => jpg
)
