stdClass Object
(
    [categoriesList] => Array
        (
            [0] => 138
            [1] => 154
            [2] => 132
            [3] => 122
            [4] => 138
            [5] => 154
            [6] => 132
            [7] => 122
            [8] => 138
            [9] => 154
            [10] => 132
            [11] => 122
        )

    [mainReport] => stdClass Object
        (
            [ReportDate] => 2013-10-10 15:09:00
            [Descript] => DDD
            [dateSubmitReport] => 2013-10-10 15:12:46
            [idForm] => 1
            [Title] => DDD
        )

    [location] => stdClass Object
        (
            [lng] => 121.485128
            [lat] => 25.0050746
            [name] => 
        )

    [user] => stdClass Object
        (
            [firstName] => DDD
            [email] => DDD
            [lastName] => DDD
        )

    [additionReport] => Array
        (
            [0] => stdClass Object
                (
                    [value] => Residential
                    [id] => 414
                )

            [1] => stdClass Object
                (
                    [value] => Single Storey dwelling House
                    [id] => 413
                )

            [2] => stdClass Object
                (
                    [value] => 1
                    [id] => 419
                )

            [3] => stdClass Object
                (
                    [value] => 1
                    [id] => 420
                )

            [4] => stdClass Object
                (
                    [value] => Yes
                    [id] => 418
                )

            [5] => stdClass Object
                (
                    [value] => Yes
                    [id] => 416
                )

            [6] => stdClass Object
                (
                    [value] => 2013910
                    [id] => 423
                )

            [7] => stdClass Object
                (
                    [value] => 1-5
                    [id] => 422
                )

            [8] => stdClass Object
                (
                    [value] => Class
                    [id] => 425
                )

            [9] => stdClass Object
                (
                    [value] => 2013910
                    [id] => 426
                )

            [10] => stdClass Object
                (
                    [value] => 2013910
                    [id] => 427
                )

            [11] => stdClass Object
                (
                    [value] => 2013910
                    [id] => 428
                )

            [12] => stdClass Object
                (
                    [value] => 1-2
                    [id] => 429
                )

            [13] => stdClass Object
                (
                    [value] => 1
                    [id] => 430
                )

            [14] => stdClass Object
                (
                    [value] => 1
                    [id] => 431
                )

            [15] => stdClass Object
                (
                    [value] => 1
                    [id] => 432
                )

            [16] => stdClass Object
                (
                    [value] => 0
                    [id] => 433
                )

            [17] => stdClass Object
                (
                    [value] => Yes
                    [id] => 434
                )

            [18] => stdClass Object
                (
                    [value] => 90-100
                    [id] => 435
                )

            [19] => stdClass Object
                (
                    [value] => 100
                    [id] => 436
                )

            [20] => stdClass Object
                (
                    [value] => Residential
                    [id] => 414
                )

            [21] => stdClass Object
                (
                    [value] => Single Storey dwelling House
                    [id] => 413
                )

            [22] => stdClass Object
                (
                    [value] => 1
                    [id] => 419
                )

            [23] => stdClass Object
                (
                    [value] => 1
                    [id] => 420
                )

            [24] => stdClass Object
                (
                    [value] => Yes
                    [id] => 418
                )

            [25] => stdClass Object
                (
                    [value] => Yes
                    [id] => 416
                )

            [26] => stdClass Object
                (
                    [value] => 2013910
                    [id] => 423
                )

            [27] => stdClass Object
                (
                    [value] => 1-5
                    [id] => 422
                )

            [28] => stdClass Object
                (
                    [value] => Class
                    [id] => 425
                )

            [29] => stdClass Object
                (
                    [value] => 2013910
                    [id] => 426
                )

            [30] => stdClass Object
                (
                    [value] => 2013910
                    [id] => 427
                )

            [31] => stdClass Object
                (
                    [value] => 2013910
                    [id] => 428
                )

            [32] => stdClass Object
                (
                    [value] => 1-2
                    [id] => 429
                )

            [33] => stdClass Object
                (
                    [value] => 1
                    [id] => 430
                )

            [34] => stdClass Object
                (
                    [value] => 1
                    [id] => 431
                )

            [35] => stdClass Object
                (
                    [value] => 1
                    [id] => 432
                )

            [36] => stdClass Object
                (
                    [value] => 0
                    [id] => 433
                )

            [37] => stdClass Object
                (
                    [value] => Yes
                    [id] => 434
                )

            [38] => stdClass Object
                (
                    [value] => 90-100
                    [id] => 435
                )

            [39] => stdClass Object
                (
                    [value] => 100
                    [id] => 436
                )

            [40] => stdClass Object
                (
                    [value] => Residential
                    [id] => 414
                )

            [41] => stdClass Object
                (
                    [value] => Single Storey dwelling House
                    [id] => 413
                )

            [42] => stdClass Object
                (
                    [value] => 1
                    [id] => 419
                )

            [43] => stdClass Object
                (
                    [value] => 1
                    [id] => 420
                )

            [44] => stdClass Object
                (
                    [value] => Yes
                    [id] => 418
                )

            [45] => stdClass Object
                (
                    [value] => Yes
                    [id] => 416
                )

            [46] => stdClass Object
                (
                    [value] => 2013910
                    [id] => 423
                )

            [47] => stdClass Object
                (
                    [value] => 1-5
                    [id] => 422
                )

            [48] => stdClass Object
                (
                    [value] => Class
                    [id] => 425
                )

            [49] => stdClass Object
                (
                    [value] => 2013910
                    [id] => 426
                )

            [50] => stdClass Object
                (
                    [value] => 2013910
                    [id] => 427
                )

            [51] => stdClass Object
                (
                    [value] => 2013910
                    [id] => 428
                )

            [52] => stdClass Object
                (
                    [value] => 1-2
                    [id] => 429
                )

            [53] => stdClass Object
                (
                    [value] => 1
                    [id] => 430
                )

            [54] => stdClass Object
                (
                    [value] => 1
                    [id] => 431
                )

            [55] => stdClass Object
                (
                    [value] => 1
                    [id] => 432
                )

            [56] => stdClass Object
                (
                    [value] => 0
                    [id] => 433
                )

            [57] => stdClass Object
                (
                    [value] => Yes
                    [id] => 434
                )

            [58] => stdClass Object
                (
                    [value] => 90-100
                    [id] => 435
                )

            [59] => stdClass Object
                (
                    [value] => 100
                    [id] => 436
                )

        )

)
