stdClass Object
(
    [filename] => 862062b1-1080-4476-87bc-19fd9287d6fb
    [categoriesList] => Array
        (
            [0] => 172
        )

    [mainReport] => stdClass Object
        (
            [ReportDate] => 2013-10-23 10:41:00
            [Descript] => there
            [dateSubmitReport] => 2013-10-24 09:10:16
            [idForm] => 44
            [SimCardSn] => 89233020500073533891
            [Title] => hi
        )

    [location] => stdClass Object
        (
            [lng] => 0.1023962058165952
            [lat] => 5.73973357029131
            [name] => 
        )

    [user] => stdClass Object
        (
            [firstName] => add
            [email] => aboat@gmail.com
            [lastName] => boateng 
        )

    [additionReport] => Array
        (
            [0] => stdClass Object
                (
                    [value] =>  Commercial
                    [id] => 676
                )

            [1] => stdClass Object
                (
                    [value] => Other Business
                    [id] => 677
                )

            [2] => stdClass Object
                (
                    [value] => Lintel
                    [id] => 678
                )

            [3] => stdClass Object
                (
                    [value] => Without Permit
                    [id] => 679
                )

            [4] => stdClass Object
                (
                    [value] => 2013923
                    [id] => 680
                )

            [5] => stdClass Object
                (
                    [value] => Work in Progress
                    [id] => 681
                )

            [6] => stdClass Object
                (
                    [value] => myron 
                    [id] => 682
                )

            [7] => stdClass Object
                (
                    [value] =>  Unschemed Area
                    [id] => 683
                )

            [8] => stdClass Object
                (
                    [value] => Single Storey
                    [id] => 684
                )

            [9] => stdClass Object
                (
                    [value] => 
                    [id] => 685
                )

            [10] => stdClass Object
                (
                    [value] =>  Submitted
                    [id] => 686
                )

        )

    [extname] => jpg
)
