stdClass Object
(
    [filename] => f7b72b15-0041-4721-9845-33db0b42e951
    [categoriesList] => Array
        (
            [0] => 138
            [1] => 136
            [2] => 155
            [3] => 158
            [4] => 150
            [5] => 151
            [6] => 146
            [7] => 145
            [8] => 152
        )

    [mainReport] => stdClass Object
        (
            [ReportDate] => 2013-10-02 14:18:00:00:00
            [Descript] => Why
            [dateSubmitReport] => 2013-10-02 15:12:45
            [idForm] => 1
            [SimCardSn] => 0
            [Title] => Why one two
        )

    [location] => stdClass Object
        (
            [lng] => 121.485132
            [lat] => 25.0052534
            [name] => 235?????????????544?14-2?
        )

    [user] => stdClass Object
        (
            [firstName] => Why
            [email] => Why
            [lastName] => Why
        )

    [extname] => jpg
)
