stdClass Object
(
    [filename] => 61767ebb-12d7-469f-96b3-03c6ee4ef356
    [categoriesList] => Array
        (
            [0] => 138
            [1] => 154
            [2] => 139
            [3] => 136
            [4] => 158
            [5] => 150
            [6] => 144
            [7] => 146
            [8] => 147
            [9] => 145
            [10] => 125
            [11] => 126
            [12] => 129
            [13] => 121
            [14] => 156
            [15] => 163
            [16] => 165
        )

    [mainReport] => stdClass Object
        (
            [ReportDate] => 2013-10-03 18:55:00
            [Descript] => Dylan photo test two
            [dateSubmitReport] => 2013-10-03 18:57:06
            [idForm] => 1
            [SimCardSn] => 0
            [Title] => Dylan photo test two
        )

    [location] => stdClass Object
        (
            [lng] => 121.485649122349
            [lat] => 25.00548557173767
            [name] => 
        )

    [user] => stdClass Object
        (
            [firstName] => Dylan test
            [email] => Dylan test
            [lastName] => Dylan test
        )

    [additionReport] => Array
        (
            [0] => stdClass Object
                (
                    [value] => Residential
                    [id] => 414
                )

            [1] => stdClass Object
                (
                    [value] => Single Storey dwelling House
                    [id] => 413
                )

            [2] => stdClass Object
                (
                    [value] => 1
                    [id] => 419
                )

            [3] => stdClass Object
                (
                    [value] => 1
                    [id] => 420
                )

            [4] => stdClass Object
                (
                    [value] => Yes
                    [id] => 418
                )

            [5] => stdClass Object
                (
                    [value] => Yes
                    [id] => 416
                )

            [6] => stdClass Object
                (
                    [value] => 2013903
                    [id] => 423
                )

            [7] => stdClass Object
                (
                    [value] => 1-5
                    [id] => 422
                )

            [8] => stdClass Object
                (
                    [value] => Class
                    [id] => 425
                )

            [9] => stdClass Object
                (
                    [value] => 2013903
                    [id] => 426
                )

            [10] => stdClass Object
                (
                    [value] => 2013903
                    [id] => 427
                )

            [11] => stdClass Object
                (
                    [value] => 2013903
                    [id] => 428
                )

            [12] => stdClass Object
                (
                    [value] => 1-2
                    [id] => 429
                )

            [13] => stdClass Object
                (
                    [value] => 1
                    [id] => 430
                )

            [14] => stdClass Object
                (
                    [value] => 1
                    [id] => 431
                )

            [15] => stdClass Object
                (
                    [value] => 1
                    [id] => 432
                )

            [16] => stdClass Object
                (
                    [value] => 0
                    [id] => 433
                )

            [17] => stdClass Object
                (
                    [value] => Yes
                    [id] => 434
                )

            [18] => stdClass Object
                (
                    [value] => 90-100
                    [id] => 435
                )

            [19] => stdClass Object
                (
                    [value] => 100
                    [id] => 436
                )

        )

    [extname] => jpg
)
