stdClass Object
(
    [categoriesList] => Array
        (
            [0] => 153
            [1] => 153
            [2] => 153
        )

    [mainReport] => stdClass Object
        (
            [ReportDate] => 2013-09-11 16:50:00
            [Descript] => Testtt
            [dateSubmitReport] => 2013-09-11 16:53:36
            [idForm] => 1
            [SimCardSn] => 0
            [Title] => Testtt
        )

    [location] => stdClass Object
        (
            [lng] => -1
            [lat] => -1
            [name] => 
        )

    [user] => stdClass Object
        (
            [firstName] => Gg
            [email] => Ggg
            [lastName] => Gg
        )

    [additionReport] => Array
        (
            [0] => stdClass Object
                (
                    [value] => Primary
                    [id] => 414
                )

            [1] => stdClass Object
                (
                    [value] => Agbogblah
                    [id] => 413
                )

            [2] => stdClass Object
                (
                    [value] => 1
                    [id] => 419
                )

            [3] => stdClass Object
                (
                    [value] => 1
                    [id] => 420
                )

            [4] => stdClass Object
                (
                    [value] => Yes
                    [id] => 418
                )

            [5] => stdClass Object
                (
                    [value] => Yes
                    [id] => 416
                )

            [6] => stdClass Object
                (
                    [value] => 20130811
                    [id] => 423
                )

            [7] => stdClass Object
                (
                    [value] => 1-5
                    [id] => 422
                )

            [8] => stdClass Object
                (
                    [value] => Class
                    [id] => 425
                )

            [9] => stdClass Object
                (
                    [value] => 20130811
                    [id] => 426
                )

            [10] => stdClass Object
                (
                    [value] => 20130811
                    [id] => 427
                )

            [11] => stdClass Object
                (
                    [value] => 20130811
                    [id] => 428
                )

            [12] => stdClass Object
                (
                    [value] => 1-2
                    [id] => 429
                )

            [13] => stdClass Object
                (
                    [value] => 1
                    [id] => 430
                )

            [14] => stdClass Object
                (
                    [value] => 1
                    [id] => 431
                )

            [15] => stdClass Object
                (
                    [value] => 1
                    [id] => 432
                )

            [16] => stdClass Object
                (
                    [value] => 0
                    [id] => 433
                )

            [17] => stdClass Object
                (
                    [value] => Yes
                    [id] => 434
                )

            [18] => stdClass Object
                (
                    [value] => 90-100
                    [id] => 435
                )

            [19] => stdClass Object
                (
                    [value] => 100
                    [id] => 436
                )

            [20] => stdClass Object
                (
                    [value] => Primary
                    [id] => 414
                )

            [21] => stdClass Object
                (
                    [value] => Agbogblah
                    [id] => 413
                )

            [22] => stdClass Object
                (
                    [value] => 1
                    [id] => 419
                )

            [23] => stdClass Object
                (
                    [value] => 1
                    [id] => 420
                )

            [24] => stdClass Object
                (
                    [value] => Yes
                    [id] => 418
                )

            [25] => stdClass Object
                (
                    [value] => Yes
                    [id] => 416
                )

            [26] => stdClass Object
                (
                    [value] => 20130811
                    [id] => 423
                )

            [27] => stdClass Object
                (
                    [value] => 1-5
                    [id] => 422
                )

            [28] => stdClass Object
                (
                    [value] => Class
                    [id] => 425
                )

            [29] => stdClass Object
                (
                    [value] => 20130811
                    [id] => 426
                )

            [30] => stdClass Object
                (
                    [value] => 20130811
                    [id] => 427
                )

            [31] => stdClass Object
                (
                    [value] => 20130811
                    [id] => 428
                )

            [32] => stdClass Object
                (
                    [value] => 1-2
                    [id] => 429
                )

            [33] => stdClass Object
                (
                    [value] => 1
                    [id] => 430
                )

            [34] => stdClass Object
                (
                    [value] => 1
                    [id] => 431
                )

            [35] => stdClass Object
                (
                    [value] => 1
                    [id] => 432
                )

            [36] => stdClass Object
                (
                    [value] => 0
                    [id] => 433
                )

            [37] => stdClass Object
                (
                    [value] => Yes
                    [id] => 434
                )

            [38] => stdClass Object
                (
                    [value] => 90-100
                    [id] => 435
                )

            [39] => stdClass Object
                (
                    [value] => 100
                    [id] => 436
                )

            [40] => stdClass Object
                (
                    [value] => Primary
                    [id] => 414
                )

            [41] => stdClass Object
                (
                    [value] => Agbogblah
                    [id] => 413
                )

            [42] => stdClass Object
                (
                    [value] => 1
                    [id] => 419
                )

            [43] => stdClass Object
                (
                    [value] => 1
                    [id] => 420
                )

            [44] => stdClass Object
                (
                    [value] => Yes
                    [id] => 418
                )

            [45] => stdClass Object
                (
                    [value] => Yes
                    [id] => 416
                )

            [46] => stdClass Object
                (
                    [value] => 20130811
                    [id] => 423
                )

            [47] => stdClass Object
                (
                    [value] => 1-5
                    [id] => 422
                )

            [48] => stdClass Object
                (
                    [value] => Class
                    [id] => 425
                )

            [49] => stdClass Object
                (
                    [value] => 20130811
                    [id] => 426
                )

            [50] => stdClass Object
                (
                    [value] => 20130811
                    [id] => 427
                )

            [51] => stdClass Object
                (
                    [value] => 20130811
                    [id] => 428
                )

            [52] => stdClass Object
                (
                    [value] => 1-2
                    [id] => 429
                )

            [53] => stdClass Object
                (
                    [value] => 1
                    [id] => 430
                )

            [54] => stdClass Object
                (
                    [value] => 1
                    [id] => 431
                )

            [55] => stdClass Object
                (
                    [value] => 1
                    [id] => 432
                )

            [56] => stdClass Object
                (
                    [value] => 0
                    [id] => 433
                )

            [57] => stdClass Object
                (
                    [value] => Yes
                    [id] => 434
                )

            [58] => stdClass Object
                (
                    [value] => 90-100
                    [id] => 435
                )

            [59] => stdClass Object
                (
                    [value] => 100
                    [id] => 436
                )

        )

)
