stdClass Object
(
    [filename] => 39fe6490-5d38-4650-811c-da7b689479ad
    [categoriesList] => Array
        (
            [0] => 154
        )

    [mainReport] => stdClass Object
        (
            [ReportDate] => 2013-08-20 13:00:00
            [Descript] => G
            [dateSubmitReport] => 2013-08-20 13:03:44
            [idForm] => 5
            [SimCardSn] => 89886971301400216183
            [Title] => Test solid
        )

    [location] => stdClass Object
        (
            [lng] => -1
            [lat] => -1
            [name] => 
        )

    [user] => stdClass Object
        (
            [firstName] => H
            [email] => G
            [lastName] => G
        )

    [additionReport] => Array
        (
            [0] => stdClass Object
                (
                    [value] => Covered
                    [id] => 105
                )

            [1] => stdClass Object
                (
                    [value] => Very Reliable
                    [id] => 18
                )

            [2] => stdClass Object
                (
                    [value] => Very Clean
                    [id] => 50
                )

            [3] => stdClass Object
                (
                    [value] => Yes
                    [id] => 51
                )

            [4] => stdClass Object
                (
                    [value] => Clean
                    [id] => 52
                )

            [5] => stdClass Object
                (
                    [value] => Yes
                    [id] => 70
                )

            [6] => stdClass Object
                (
                    [value] => Very Rude
                    [id] => 92
                )

            [7] => stdClass Object
                (
                    [value] => Yes
                    [id] => 93
                )

            [8] => stdClass Object
                (
                    [value] => Very Satisfied
                    [id] => 94
                )

            [9] => stdClass Object
                (
                    [value] => Yes
                    [id] => 95
                )

            [10] => stdClass Object
                (
                    [value] => Always
                    [id] => 96
                )

            [11] => stdClass Object
                (
                    [value] => Always
                    [id] => 97
                )

            [12] => stdClass Object
                (
                    [value] => Always
                    [id] => 98
                )

            [13] => stdClass Object
                (
                    [value] => Always
                    [id] => 99
                )

            [14] => stdClass Object
                (
                    [value] => Through the collector
                    [id] => 306
                )

            [15] => stdClass Object
                (
                    [value] => Yes
                    [id] => 108
                )

            [16] => stdClass Object
                (
                    [value] => Yes
                    [id] => 109
                )

            [17] => stdClass Object
                (
                    [value] => Very Often
                    [id] => 111
                )

            [18] => stdClass Object
                (
                    [value] => Yes
                    [id] => 127
                )

            [19] => stdClass Object
                (
                    [value] => Metal
                    [id] => 128
                )

            [20] => stdClass Object
                (
                    [value] => 
                    [id] => 464
                )

            [21] => stdClass Object
                (
                    [value] => 1-3
                    [id] => 307
                )

        )

    [extname] => jpg
)
