stdClass Object
(
    [filename] => a9e75d88-115e-4340-aa9d-2fb9757ac12b
    [categoriesList] => Array
        (
            [0] => 154
            [1] => 150
            [2] => 122
            [3] => 164
            [4] => 135
            [5] => 144
            [6] => 124
            [7] => 165
        )

    [mainReport] => stdClass Object
        (
            [ReportDate] => 2013-08-23 15:59:00
            [Descript] => camera first then add fields
            [dateSubmitReport] => 2013-08-23 16:01:47
            [idForm] => 22
            [Title] => test on htc with gps no wifi
        )

    [location] => stdClass Object
        (
            [lng] => 121.49144744873047
            [lat] => 24.998680114746094
            [name] => 
        )

    [user] => stdClass Object
        (
            [firstName] => 7777
            [email] => 78@gmail.com
            [lastName] => 8888
        )

    [additionReport] => Array
        (
            [0] => stdClass Object
                (
                    [value] => Yes
                    [id] => 463
                )

            [1] => stdClass Object
                (
                    [value] => Yes
                    [id] => 279
                )

            [2] => stdClass Object
                (
                    [value] => Yes
                    [id] => 280
                )

            [3] => stdClass Object
                (
                    [value] => Yes
                    [id] => 281
                )

            [4] => stdClass Object
                (
                    [value] => Always
                    [id] => 282
                )

            [5] => stdClass Object
                (
                    [value] => Yes
                    [id] => 283
                )

            [6] => stdClass Object
                (
                    [value] => 5days
                    [id] => 284
                )

        )

    [extname] => jpg
)
