stdClass Object
(
    [filename] => e8e199ef-c924-4e2f-9ba1-8ab275328345
    [categoriesList] => Array
        (
            [0] => 150
            [1] => 151
            [2] => 146
            [3] => 145
            [4] => 152
        )

    [mainReport] => stdClass Object
        (
            [ReportDate] => 2013-10-02 14:18:00
            [Descript] => Why
            [dateSubmitReport] => 2013-10-02 14:19:25
            [idForm] => 1
            [SimCardSn] => 0
            [Title] => Why
        )

    [location] => stdClass Object
        (
            [lng] => 121.48526259732031
            [lat] => 25.005321216017524
            [name] => 235台灣新北市中和區中山路二段544巷14-2號
        )

    [user] => stdClass Object
        (
            [firstName] => Why
            [email] => Why
            [lastName] => Why
        )

    [additionReport] => Array
        (
            [0] => stdClass Object
                (
                    [value] => Residential
                    [id] => 414
                )

            [1] => stdClass Object
                (
                    [value] => Single Storey dwelling House
                    [id] => 413
                )

            [2] => stdClass Object
                (
                    [value] => 1
                    [id] => 419
                )

            [3] => stdClass Object
                (
                    [value] => 1
                    [id] => 420
                )

            [4] => stdClass Object
                (
                    [value] => Yes
                    [id] => 418
                )

            [5] => stdClass Object
                (
                    [value] => Yes
                    [id] => 416
                )

            [6] => stdClass Object
                (
                    [value] => 2013902
                    [id] => 423
                )

            [7] => stdClass Object
                (
                    [value] => 1-5
                    [id] => 422
                )

            [8] => stdClass Object
                (
                    [value] => Class
                    [id] => 425
                )

            [9] => stdClass Object
                (
                    [value] => 2013902
                    [id] => 426
                )

            [10] => stdClass Object
                (
                    [value] => 2013902
                    [id] => 427
                )

            [11] => stdClass Object
                (
                    [value] => 2013902
                    [id] => 428
                )

            [12] => stdClass Object
                (
                    [value] => 1-2
                    [id] => 429
                )

            [13] => stdClass Object
                (
                    [value] => 1
                    [id] => 430
                )

            [14] => stdClass Object
                (
                    [value] => 1
                    [id] => 431
                )

            [15] => stdClass Object
                (
                    [value] => 1
                    [id] => 432
                )

            [16] => stdClass Object
                (
                    [value] => 0
                    [id] => 433
                )

            [17] => stdClass Object
                (
                    [value] => Yes
                    [id] => 434
                )

            [18] => stdClass Object
                (
                    [value] => 90-100
                    [id] => 435
                )

            [19] => stdClass Object
                (
                    [value] => 100
                    [id] => 436
                )

        )

    [extname] => jpg
)
