stdClass Object
(
    [filename] => eb143353-7c76-4edc-be31-c22f67ae8216
    [categoriesList] => Array
        (
            [0] => 150
        )

    [mainReport] => stdClass Object
        (
            [ReportDate] => 2013-10-08 12:19:00
            [Descript] => test
            [dateSubmitReport] => 2013-10-08 12:20:13
            [idForm] => 32
            [SimCardSn] => 8901260131525001813
            [Title] => test
        )

    [location] => stdClass Object
        (
            [lng] => -1
            [lat] => -1
            [name] => 
        )

    [user] => stdClass Object
        (
            [firstName] => Gaurav
            [email] => grelhan@worldbank.org
            [lastName] => Relhan
        )

    [additionReport] => Array
        (
            [0] => stdClass Object
                (
                    [value] => satisfied
                    [id] => 466
                )

        )

    [extname] => jpg
)
