stdClass Object
(
    [filename] => e41ca550-70c8-4fd9-bb08-efc96912481a
    [categoriesList] => Array
        (
            [0] => 148
        )

    [mainReport] => stdClass Object
        (
            [ReportDate] => 2013-10-01 18:41:00
            [Descript] => test with 1 photo
            [dateSubmitReport] => 2013-10-01 18:42:20
            [idForm] => 32
            [SimCardSn] => 8901260131525001813
            [Title] => test3
        )

    [location] => stdClass Object
        (
            [lng] => -77.0415738
            [lat] => 38.8991336
            [name] => 
        )

    [user] => stdClass Object
        (
            [firstName] => Gaurav
            [email] => grelhan@worldbank.org
            [lastName] => Relhan
        )

    [additionReport] => Array
        (
            [0] => stdClass Object
                (
                    [value] => satisfied
                    [id] => 466
                )

        )

    [extname] => jpg
)
