stdClass Object
(
    [filename] => 168293f9-2935-421b-85c7-dc8f54b9b046
    [categoriesList] => Array
        (
            [0] => 124
        )

    [mainReport] => stdClass Object
        (
            [ReportDate] => 2013-10-08 12:32:00
            [Descript] => budget
            [dateSubmitReport] => 2013-10-08 12:35:28
            [idForm] => 1
            [Title] => mtef 
        )

    [location] => stdClass Object
        (
            [lng] => 0.108643
            [lat] => 5.70329
            [name] => 
        )

    [user] => stdClass Object
        (
            [firstName] => kwame 
            [email] => got@mail.com
            [lastName] => godson 
        )

    [additionReport] => Array
        (
            [0] => stdClass Object
                (
                    [value] => 100
                    [id] => -1
                )

        )

    [extname] => jpg
)
