stdClass Object
(
    [filename] => 0376a393-95c6-4cae-9229-f6ea8c66d8d0
    [categoriesList] => Array
        (
            [0] => 138
            [1] => 154
            [2] => 138
            [3] => 154
            [4] => 138
            [5] => 154
            [6] => 138
            [7] => 154
            [8] => 138
            [9] => 154
            [10] => 138
            [11] => 154
        )

    [mainReport] => stdClass Object
        (
            [ReportDate] => 2013-10-01 17:11:00
            [Descript] => Photp2
            [dateSubmitReport] => 2013-10-01 17:18:09
            [idForm] => 1
            [SimCardSn] => 0
            [Title] => Ghana_0827_2
        )

    [location] => stdClass Object
        (
            [lng] => 121.48529195335855
            [lat] => 25.005382471532645
            [name] => 235台灣新北市中和區中山路二段544巷14-2號
        )

    [user] => stdClass Object
        (
            [firstName] => Pearl
            [email] => 22222
            [lastName] => Hsu
        )

    [additionReport] => Array
        (
            [0] => stdClass Object
                (
                    [value] => Residential
                    [id] => 414
                )

            [1] => stdClass Object
                (
                    [value] => Single Storey dwelling House
                    [id] => 413
                )

            [2] => stdClass Object
                (
                    [value] => 1
                    [id] => 419
                )

            [3] => stdClass Object
                (
                    [value] => 1
                    [id] => 420
                )

            [4] => stdClass Object
                (
                    [value] => Yes
                    [id] => 418
                )

            [5] => stdClass Object
                (
                    [value] => Yes
                    [id] => 416
                )

            [6] => stdClass Object
                (
                    [value] => 2013901
                    [id] => 423
                )

            [7] => stdClass Object
                (
                    [value] => 1-5
                    [id] => 422
                )

            [8] => stdClass Object
                (
                    [value] => Class
                    [id] => 425
                )

            [9] => stdClass Object
                (
                    [value] => 2013901
                    [id] => 426
                )

            [10] => stdClass Object
                (
                    [value] => 2013901
                    [id] => 427
                )

            [11] => stdClass Object
                (
                    [value] => 2013901
                    [id] => 428
                )

            [12] => stdClass Object
                (
                    [value] => 1-2
                    [id] => 429
                )

            [13] => stdClass Object
                (
                    [value] => 1
                    [id] => 430
                )

            [14] => stdClass Object
                (
                    [value] => 1
                    [id] => 431
                )

            [15] => stdClass Object
                (
                    [value] => 1
                    [id] => 432
                )

            [16] => stdClass Object
                (
                    [value] => 0
                    [id] => 433
                )

            [17] => stdClass Object
                (
                    [value] => Yes
                    [id] => 434
                )

            [18] => stdClass Object
                (
                    [value] => 90-100
                    [id] => 435
                )

            [19] => stdClass Object
                (
                    [value] => 100
                    [id] => 436
                )

            [20] => stdClass Object
                (
                    [value] => Residential
                    [id] => 414
                )

            [21] => stdClass Object
                (
                    [value] => Single Storey dwelling House
                    [id] => 413
                )

            [22] => stdClass Object
                (
                    [value] => 1
                    [id] => 419
                )

            [23] => stdClass Object
                (
                    [value] => 1
                    [id] => 420
                )

            [24] => stdClass Object
                (
                    [value] => Yes
                    [id] => 418
                )

            [25] => stdClass Object
                (
                    [value] => Yes
                    [id] => 416
                )

            [26] => stdClass Object
                (
                    [value] => 2013901
                    [id] => 423
                )

            [27] => stdClass Object
                (
                    [value] => 1-5
                    [id] => 422
                )

            [28] => stdClass Object
                (
                    [value] => Class
                    [id] => 425
                )

            [29] => stdClass Object
                (
                    [value] => 2013901
                    [id] => 426
                )

            [30] => stdClass Object
                (
                    [value] => 2013901
                    [id] => 427
                )

            [31] => stdClass Object
                (
                    [value] => 2013901
                    [id] => 428
                )

            [32] => stdClass Object
                (
                    [value] => 1-2
                    [id] => 429
                )

            [33] => stdClass Object
                (
                    [value] => 1
                    [id] => 430
                )

            [34] => stdClass Object
                (
                    [value] => 1
                    [id] => 431
                )

            [35] => stdClass Object
                (
                    [value] => 1
                    [id] => 432
                )

            [36] => stdClass Object
                (
                    [value] => 0
                    [id] => 433
                )

            [37] => stdClass Object
                (
                    [value] => Yes
                    [id] => 434
                )

            [38] => stdClass Object
                (
                    [value] => 90-100
                    [id] => 435
                )

            [39] => stdClass Object
                (
                    [value] => 100
                    [id] => 436
                )

            [40] => stdClass Object
                (
                    [value] => Residential
                    [id] => 414
                )

            [41] => stdClass Object
                (
                    [value] => Single Storey dwelling House
                    [id] => 413
                )

            [42] => stdClass Object
                (
                    [value] => 1
                    [id] => 419
                )

            [43] => stdClass Object
                (
                    [value] => 1
                    [id] => 420
                )

            [44] => stdClass Object
                (
                    [value] => Yes
                    [id] => 418
                )

            [45] => stdClass Object
                (
                    [value] => Yes
                    [id] => 416
                )

            [46] => stdClass Object
                (
                    [value] => 2013901
                    [id] => 423
                )

            [47] => stdClass Object
                (
                    [value] => 1-5
                    [id] => 422
                )

            [48] => stdClass Object
                (
                    [value] => Class
                    [id] => 425
                )

            [49] => stdClass Object
                (
                    [value] => 2013901
                    [id] => 426
                )

            [50] => stdClass Object
                (
                    [value] => 2013901
                    [id] => 427
                )

            [51] => stdClass Object
                (
                    [value] => 2013901
                    [id] => 428
                )

            [52] => stdClass Object
                (
                    [value] => 1-2
                    [id] => 429
                )

            [53] => stdClass Object
                (
                    [value] => 1
                    [id] => 430
                )

            [54] => stdClass Object
                (
                    [value] => 1
                    [id] => 431
                )

            [55] => stdClass Object
                (
                    [value] => 1
                    [id] => 432
                )

            [56] => stdClass Object
                (
                    [value] => 0
                    [id] => 433
                )

            [57] => stdClass Object
                (
                    [value] => Yes
                    [id] => 434
                )

            [58] => stdClass Object
                (
                    [value] => 90-100
                    [id] => 435
                )

            [59] => stdClass Object
                (
                    [value] => 100
                    [id] => 436
                )

            [60] => stdClass Object
                (
                    [value] => Residential
                    [id] => 414
                )

            [61] => stdClass Object
                (
                    [value] => Single Storey dwelling House
                    [id] => 413
                )

            [62] => stdClass Object
                (
                    [value] => 1
                    [id] => 419
                )

            [63] => stdClass Object
                (
                    [value] => 1
                    [id] => 420
                )

            [64] => stdClass Object
                (
                    [value] => Yes
                    [id] => 418
                )

            [65] => stdClass Object
                (
                    [value] => Yes
                    [id] => 416
                )

            [66] => stdClass Object
                (
                    [value] => 2013901
                    [id] => 423
                )

            [67] => stdClass Object
                (
                    [value] => 1-5
                    [id] => 422
                )

            [68] => stdClass Object
                (
                    [value] => Class
                    [id] => 425
                )

            [69] => stdClass Object
                (
                    [value] => 2013901
                    [id] => 426
                )

            [70] => stdClass Object
                (
                    [value] => 2013901
                    [id] => 427
                )

            [71] => stdClass Object
                (
                    [value] => 2013901
                    [id] => 428
                )

            [72] => stdClass Object
                (
                    [value] => 1-2
                    [id] => 429
                )

            [73] => stdClass Object
                (
                    [value] => 1
                    [id] => 430
                )

            [74] => stdClass Object
                (
                    [value] => 1
                    [id] => 431
                )

            [75] => stdClass Object
                (
                    [value] => 1
                    [id] => 432
                )

            [76] => stdClass Object
                (
                    [value] => 0
                    [id] => 433
                )

            [77] => stdClass Object
                (
                    [value] => Yes
                    [id] => 434
                )

            [78] => stdClass Object
                (
                    [value] => 90-100
                    [id] => 435
                )

            [79] => stdClass Object
                (
                    [value] => 100
                    [id] => 436
                )

            [80] => stdClass Object
                (
                    [value] => Residential
                    [id] => 414
                )

            [81] => stdClass Object
                (
                    [value] => Single Storey dwelling House
                    [id] => 413
                )

            [82] => stdClass Object
                (
                    [value] => 1
                    [id] => 419
                )

            [83] => stdClass Object
                (
                    [value] => 1
                    [id] => 420
                )

            [84] => stdClass Object
                (
                    [value] => Yes
                    [id] => 418
                )

            [85] => stdClass Object
                (
                    [value] => Yes
                    [id] => 416
                )

            [86] => stdClass Object
                (
                    [value] => 2013901
                    [id] => 423
                )

            [87] => stdClass Object
                (
                    [value] => 1-5
                    [id] => 422
                )

            [88] => stdClass Object
                (
                    [value] => Class
                    [id] => 425
                )

            [89] => stdClass Object
                (
                    [value] => 2013901
                    [id] => 426
                )

            [90] => stdClass Object
                (
                    [value] => 2013901
                    [id] => 427
                )

            [91] => stdClass Object
                (
                    [value] => 2013901
                    [id] => 428
                )

            [92] => stdClass Object
                (
                    [value] => 1-2
                    [id] => 429
                )

            [93] => stdClass Object
                (
                    [value] => 1
                    [id] => 430
                )

            [94] => stdClass Object
                (
                    [value] => 1
                    [id] => 431
                )

            [95] => stdClass Object
                (
                    [value] => 1
                    [id] => 432
                )

            [96] => stdClass Object
                (
                    [value] => 0
                    [id] => 433
                )

            [97] => stdClass Object
                (
                    [value] => Yes
                    [id] => 434
                )

            [98] => stdClass Object
                (
                    [value] => 90-100
                    [id] => 435
                )

            [99] => stdClass Object
                (
                    [value] => 100
                    [id] => 436
                )

            [100] => stdClass Object
                (
                    [value] => Residential
                    [id] => 414
                )

            [101] => stdClass Object
                (
                    [value] => Single Storey dwelling House
                    [id] => 413
                )

            [102] => stdClass Object
                (
                    [value] => 1
                    [id] => 419
                )

            [103] => stdClass Object
                (
                    [value] => 1
                    [id] => 420
                )

            [104] => stdClass Object
                (
                    [value] => Yes
                    [id] => 418
                )

            [105] => stdClass Object
                (
                    [value] => Yes
                    [id] => 416
                )

            [106] => stdClass Object
                (
                    [value] => 2013901
                    [id] => 423
                )

            [107] => stdClass Object
                (
                    [value] => 1-5
                    [id] => 422
                )

            [108] => stdClass Object
                (
                    [value] => Class
                    [id] => 425
                )

            [109] => stdClass Object
                (
                    [value] => 2013901
                    [id] => 426
                )

            [110] => stdClass Object
                (
                    [value] => 2013901
                    [id] => 427
                )

            [111] => stdClass Object
                (
                    [value] => 2013901
                    [id] => 428
                )

            [112] => stdClass Object
                (
                    [value] => 1-2
                    [id] => 429
                )

            [113] => stdClass Object
                (
                    [value] => 1
                    [id] => 430
                )

            [114] => stdClass Object
                (
                    [value] => 1
                    [id] => 431
                )

            [115] => stdClass Object
                (
                    [value] => 1
                    [id] => 432
                )

            [116] => stdClass Object
                (
                    [value] => 0
                    [id] => 433
                )

            [117] => stdClass Object
                (
                    [value] => Yes
                    [id] => 434
                )

            [118] => stdClass Object
                (
                    [value] => 90-100
                    [id] => 435
                )

            [119] => stdClass Object
                (
                    [value] => 100
                    [id] => 436
                )

        )

    [extname] => jpg
)
