stdClass Object
(
    [categoriesList] => Array
        (
            [0] => 148
            [1] => 150
        )

    [mainReport] => stdClass Object
        (
            [ReportDate] => 2013-10-14 13:19:00
            [Descript] => OFG
            [dateSubmitReport] => 2013-10-14 13:22:20
            [idForm] => 1
            [SimCardSn] => 0
            [Title] => OFFTESTEDIT
        )

    [location] => stdClass Object
        (
            [lng] => 121.4851976
            [lat] => 25.0053296
            [name] => 
        )

    [user] => stdClass Object
        (
            [firstName] => OFF
            [email] => OFF
            [lastName] => OFF
        )

    [additionReport] => Array
        (
            [0] => stdClass Object
                (
                    [value] => Residential
                    [id] => 414
                )

            [1] => stdClass Object
                (
                    [value] => Single Storey dwelling House
                    [id] => 413
                )

            [2] => stdClass Object
                (
                    [value] => 1
                    [id] => 419
                )

            [3] => stdClass Object
                (
                    [value] => 1
                    [id] => 420
                )

            [4] => stdClass Object
                (
                    [value] => Yes
                    [id] => 418
                )

            [5] => stdClass Object
                (
                    [value] => Yes
                    [id] => 416
                )

            [6] => stdClass Object
                (
                    [value] => 2013914
                    [id] => 423
                )

            [7] => stdClass Object
                (
                    [value] => 1-5
                    [id] => 422
                )

            [8] => stdClass Object
                (
                    [value] => Class
                    [id] => 425
                )

            [9] => stdClass Object
                (
                    [value] => 2013914
                    [id] => 426
                )

            [10] => stdClass Object
                (
                    [value] => 2013914
                    [id] => 427
                )

            [11] => stdClass Object
                (
                    [value] => 2013914
                    [id] => 428
                )

            [12] => stdClass Object
                (
                    [value] => 1-2
                    [id] => 429
                )

            [13] => stdClass Object
                (
                    [value] => 1
                    [id] => 430
                )

            [14] => stdClass Object
                (
                    [value] => 1
                    [id] => 431
                )

            [15] => stdClass Object
                (
                    [value] => 1
                    [id] => 432
                )

            [16] => stdClass Object
                (
                    [value] => 0
                    [id] => 433
                )

            [17] => stdClass Object
                (
                    [value] => Yes
                    [id] => 434
                )

            [18] => stdClass Object
                (
                    [value] => 90-100
                    [id] => 435
                )

            [19] => stdClass Object
                (
                    [value] => 100
                    [id] => 436
                )

        )

)
