stdClass Object
(
    [filename] => b423275f-de88-4dac-ad6f-09851c0515f2
    [categoriesList] => Array
        (
            [0] => 154
            [1] => 150
            [2] => 124
            [3] => 165
        )

    [mainReport] => stdClass Object
        (
            [ReportDate] => 2013-09-10 16:59:00
            [Descript] => test HTC on pm5:00
            [dateSubmitReport] => 2013-09-10 17:01:13
            [idForm] => 1
            [SimCardSn] => 89886018556300144752
            [Title] => test by Maggie
        )

    [location] => stdClass Object
        (
            [lng] => -1
            [lat] => -1
            [name] => 
        )

    [user] => stdClass Object
        (
            [firstName] => gh
            [email] => hjm
            [lastName] => ghj
        )

    [additionReport] => Array
        (
            [0] => stdClass Object
                (
                    [value] => Primary
                    [id] => 414
                )

            [1] => stdClass Object
                (
                    [value] => 2 units
                    [id] => 415
                )

            [2] => stdClass Object
                (
                    [value] => Agbogblah
                    [id] => 413
                )

            [3] => stdClass Object
                (
                    [value] => 1
                    [id] => 419
                )

            [4] => stdClass Object
                (
                    [value] => RME
                    [id] => 424
                )

            [5] => stdClass Object
                (
                    [value] => 1
                    [id] => 420
                )

            [6] => stdClass Object
                (
                    [value] => Yes
                    [id] => 418
                )

            [7] => stdClass Object
                (
                    [value] => Yes
                    [id] => 416
                )

            [8] => stdClass Object
                (
                    [value] => RME
                    [id] => 417
                )

            [9] => stdClass Object
                (
                    [value] => 20130810
                    [id] => 423
                )

            [10] => stdClass Object
                (
                    [value] => 1-5
                    [id] => 422
                )

            [11] => stdClass Object
                (
                    [value] => Class
                    [id] => 425
                )

            [12] => stdClass Object
                (
                    [value] => 20130810
                    [id] => 426
                )

            [13] => stdClass Object
                (
                    [value] => 20130810
                    [id] => 427
                )

            [14] => stdClass Object
                (
                    [value] => 20130810
                    [id] => 428
                )

            [15] => stdClass Object
                (
                    [value] => 1-2
                    [id] => 429
                )

            [16] => stdClass Object
                (
                    [value] => 1
                    [id] => 430
                )

            [17] => stdClass Object
                (
                    [value] => 1
                    [id] => 431
                )

            [18] => stdClass Object
                (
                    [value] => 1
                    [id] => 432
                )

            [19] => stdClass Object
                (
                    [value] => 0
                    [id] => 433
                )

            [20] => stdClass Object
                (
                    [value] => Yes
                    [id] => 434
                )

            [21] => stdClass Object
                (
                    [value] => 90-100
                    [id] => 435
                )

            [22] => stdClass Object
                (
                    [value] => 100
                    [id] => 436
                )

            [23] => stdClass Object
                (
                    [value] => Breastfeeding
                    [id] => 437
                )

        )

    [extname] => jpg
)
