stdClass Object
(
    [filename] => 1a547693-3a49-4dd2-adcd-aa652727f81a
    [categoriesList] => Array
        (
            [0] => 138
            [1] => 138
            [2] => 138
        )

    [mainReport] => stdClass Object
        (
            [ReportDate] => 2013-10-01 17:11:00
            [Descript] => Photp1
            [dateSubmitReport] => 2013-10-01 17:15:51
            [idForm] => 1
            [SimCardSn] => 0
            [Title] => Ghana_0827_1
        )

    [location] => stdClass Object
        (
            [lng] => 121.48519818127478
            [lat] => 25.00534718448456
            [name] => 235台灣新北市中和區中正路868-2號
        )

    [user] => stdClass Object
        (
            [firstName] => Pearl
            [email] => Prahkk
            [lastName] => Hsu
        )

    [additionReport] => Array
        (
            [0] => stdClass Object
                (
                    [value] => Residential
                    [id] => 414
                )

            [1] => stdClass Object
                (
                    [value] => Single Storey dwelling House
                    [id] => 413
                )

            [2] => stdClass Object
                (
                    [value] => 1
                    [id] => 419
                )

            [3] => stdClass Object
                (
                    [value] => 1
                    [id] => 420
                )

            [4] => stdClass Object
                (
                    [value] => Yes
                    [id] => 418
                )

            [5] => stdClass Object
                (
                    [value] => Yes
                    [id] => 416
                )

            [6] => stdClass Object
                (
                    [value] => 2013901
                    [id] => 423
                )

            [7] => stdClass Object
                (
                    [value] => 1-5
                    [id] => 422
                )

            [8] => stdClass Object
                (
                    [value] => Class
                    [id] => 425
                )

            [9] => stdClass Object
                (
                    [value] => 2013901
                    [id] => 426
                )

            [10] => stdClass Object
                (
                    [value] => 2013901
                    [id] => 427
                )

            [11] => stdClass Object
                (
                    [value] => 2013901
                    [id] => 428
                )

            [12] => stdClass Object
                (
                    [value] => 1-2
                    [id] => 429
                )

            [13] => stdClass Object
                (
                    [value] => 1
                    [id] => 430
                )

            [14] => stdClass Object
                (
                    [value] => 1
                    [id] => 431
                )

            [15] => stdClass Object
                (
                    [value] => 1
                    [id] => 432
                )

            [16] => stdClass Object
                (
                    [value] => 0
                    [id] => 433
                )

            [17] => stdClass Object
                (
                    [value] => Yes
                    [id] => 434
                )

            [18] => stdClass Object
                (
                    [value] => 90-100
                    [id] => 435
                )

            [19] => stdClass Object
                (
                    [value] => 100
                    [id] => 436
                )

            [20] => stdClass Object
                (
                    [value] => Residential
                    [id] => 414
                )

            [21] => stdClass Object
                (
                    [value] => Single Storey dwelling House
                    [id] => 413
                )

            [22] => stdClass Object
                (
                    [value] => 1
                    [id] => 419
                )

            [23] => stdClass Object
                (
                    [value] => 1
                    [id] => 420
                )

            [24] => stdClass Object
                (
                    [value] => Yes
                    [id] => 418
                )

            [25] => stdClass Object
                (
                    [value] => Yes
                    [id] => 416
                )

            [26] => stdClass Object
                (
                    [value] => 2013901
                    [id] => 423
                )

            [27] => stdClass Object
                (
                    [value] => 1-5
                    [id] => 422
                )

            [28] => stdClass Object
                (
                    [value] => Class
                    [id] => 425
                )

            [29] => stdClass Object
                (
                    [value] => 2013901
                    [id] => 426
                )

            [30] => stdClass Object
                (
                    [value] => 2013901
                    [id] => 427
                )

            [31] => stdClass Object
                (
                    [value] => 2013901
                    [id] => 428
                )

            [32] => stdClass Object
                (
                    [value] => 1-2
                    [id] => 429
                )

            [33] => stdClass Object
                (
                    [value] => 1
                    [id] => 430
                )

            [34] => stdClass Object
                (
                    [value] => 1
                    [id] => 431
                )

            [35] => stdClass Object
                (
                    [value] => 1
                    [id] => 432
                )

            [36] => stdClass Object
                (
                    [value] => 0
                    [id] => 433
                )

            [37] => stdClass Object
                (
                    [value] => Yes
                    [id] => 434
                )

            [38] => stdClass Object
                (
                    [value] => 90-100
                    [id] => 435
                )

            [39] => stdClass Object
                (
                    [value] => 100
                    [id] => 436
                )

            [40] => stdClass Object
                (
                    [value] => Residential
                    [id] => 414
                )

            [41] => stdClass Object
                (
                    [value] => Single Storey dwelling House
                    [id] => 413
                )

            [42] => stdClass Object
                (
                    [value] => 1
                    [id] => 419
                )

            [43] => stdClass Object
                (
                    [value] => 1
                    [id] => 420
                )

            [44] => stdClass Object
                (
                    [value] => Yes
                    [id] => 418
                )

            [45] => stdClass Object
                (
                    [value] => Yes
                    [id] => 416
                )

            [46] => stdClass Object
                (
                    [value] => 2013901
                    [id] => 423
                )

            [47] => stdClass Object
                (
                    [value] => 1-5
                    [id] => 422
                )

            [48] => stdClass Object
                (
                    [value] => Class
                    [id] => 425
                )

            [49] => stdClass Object
                (
                    [value] => 2013901
                    [id] => 426
                )

            [50] => stdClass Object
                (
                    [value] => 2013901
                    [id] => 427
                )

            [51] => stdClass Object
                (
                    [value] => 2013901
                    [id] => 428
                )

            [52] => stdClass Object
                (
                    [value] => 1-2
                    [id] => 429
                )

            [53] => stdClass Object
                (
                    [value] => 1
                    [id] => 430
                )

            [54] => stdClass Object
                (
                    [value] => 1
                    [id] => 431
                )

            [55] => stdClass Object
                (
                    [value] => 1
                    [id] => 432
                )

            [56] => stdClass Object
                (
                    [value] => 0
                    [id] => 433
                )

            [57] => stdClass Object
                (
                    [value] => Yes
                    [id] => 434
                )

            [58] => stdClass Object
                (
                    [value] => 90-100
                    [id] => 435
                )

            [59] => stdClass Object
                (
                    [value] => 100
                    [id] => 436
                )

        )

    [extname] => jpg
)
