stdClass Object
(
    [filename] => 49b9d479-c093-4c91-8d04-7055ade72831
    [categoriesList] => Array
        (
            [0] => 150
            [1] => 132
            [2] => 150
            [3] => 132
            [4] => 150
            [5] => 132
            [6] => 150
            [7] => 132
            [8] => 150
            [9] => 132
        )

    [mainReport] => stdClass Object
        (
            [ReportDate] => 2013-08-23 09:52:00
            [Descript] => test

            [dateSubmitReport] => 2013-08-23 09:59:18
            [idForm] => 1
            [Title] => test on Mobil by yuliya
        )

    [location] => stdClass Object
        (
            [lng] => -73.984306
            [lat] => 40.752485
            [name] => 
        )

    [user] => stdClass Object
        (
            [firstName] => yuliya
            [email] => yuliya.karniyevich@gmail
            [lastName] => k
        )

    [additionReport] => Array
        (
            [0] => stdClass Object
                (
                    [value] => Primary
                    [id] => 414
                )

            [1] => stdClass Object
                (
                    [value] => Agbogblah
                    [id] => 413
                )

            [2] => stdClass Object
                (
                    [value] => 1
                    [id] => 419
                )

            [3] => stdClass Object
                (
                    [value] => 1
                    [id] => 420
                )

            [4] => stdClass Object
                (
                    [value] => Yes
                    [id] => 418
                )

            [5] => stdClass Object
                (
                    [value] => Yes
                    [id] => 416
                )

            [6] => stdClass Object
                (
                    [value] => 2013723
                    [id] => 423
                )

            [7] => stdClass Object
                (
                    [value] => 1-5
                    [id] => 422
                )

            [8] => stdClass Object
                (
                    [value] => Class
                    [id] => 425
                )

            [9] => stdClass Object
                (
                    [value] => 2013723
                    [id] => 426
                )

            [10] => stdClass Object
                (
                    [value] => 2013723
                    [id] => 427
                )

            [11] => stdClass Object
                (
                    [value] => 2013723
                    [id] => 428
                )

            [12] => stdClass Object
                (
                    [value] => 3-4
                    [id] => 429
                )

            [13] => stdClass Object
                (
                    [value] => 1
                    [id] => 430
                )

            [14] => stdClass Object
                (
                    [value] => 3
                    [id] => 431
                )

            [15] => stdClass Object
                (
                    [value] => 1
                    [id] => 432
                )

            [16] => stdClass Object
                (
                    [value] => 0
                    [id] => 433
                )

            [17] => stdClass Object
                (
                    [value] => Yes
                    [id] => 434
                )

            [18] => stdClass Object
                (
                    [value] => 90-100
                    [id] => 435
                )

            [19] => stdClass Object
                (
                    [value] => 100
                    [id] => 436
                )

            [20] => stdClass Object
                (
                    [value] => satisfied
                    [id] => 466
                )

            [21] => stdClass Object
                (
                    [value] => Primary
                    [id] => 414
                )

            [22] => stdClass Object
                (
                    [value] => Agbogblah
                    [id] => 413
                )

            [23] => stdClass Object
                (
                    [value] => 1
                    [id] => 419
                )

            [24] => stdClass Object
                (
                    [value] => 1
                    [id] => 420
                )

            [25] => stdClass Object
                (
                    [value] => Yes
                    [id] => 418
                )

            [26] => stdClass Object
                (
                    [value] => No
                    [id] => 416
                )

            [27] => stdClass Object
                (
                    [value] => 2013723
                    [id] => 423
                )

            [28] => stdClass Object
                (
                    [value] => 1-5
                    [id] => 422
                )

            [29] => stdClass Object
                (
                    [value] => Class
                    [id] => 425
                )

            [30] => stdClass Object
                (
                    [value] => 2013723
                    [id] => 426
                )

            [31] => stdClass Object
                (
                    [value] => 2013723
                    [id] => 427
                )

            [32] => stdClass Object
                (
                    [value] => 2013723
                    [id] => 428
                )

            [33] => stdClass Object
                (
                    [value] => 1-2
                    [id] => 429
                )

            [34] => stdClass Object
                (
                    [value] => 1
                    [id] => 430
                )

            [35] => stdClass Object
                (
                    [value] => 2
                    [id] => 431
                )

            [36] => stdClass Object
                (
                    [value] => 3
                    [id] => 432
                )

            [37] => stdClass Object
                (
                    [value] => 0
                    [id] => 433
                )

            [38] => stdClass Object
                (
                    [value] => Yes
                    [id] => 434
                )

            [39] => stdClass Object
                (
                    [value] => 90-100
                    [id] => 435
                )

            [40] => stdClass Object
                (
                    [value] => 100
                    [id] => 436
                )

            [41] => stdClass Object
                (
                    [value] => Primary
                    [id] => 414
                )

            [42] => stdClass Object
                (
                    [value] => Agbogblah
                    [id] => 413
                )

            [43] => stdClass Object
                (
                    [value] => 1
                    [id] => 419
                )

            [44] => stdClass Object
                (
                    [value] => 1
                    [id] => 420
                )

            [45] => stdClass Object
                (
                    [value] => Yes
                    [id] => 418
                )

            [46] => stdClass Object
                (
                    [value] => No
                    [id] => 416
                )

            [47] => stdClass Object
                (
                    [value] => 2013723
                    [id] => 423
                )

            [48] => stdClass Object
                (
                    [value] => 1-5
                    [id] => 422
                )

            [49] => stdClass Object
                (
                    [value] => Class
                    [id] => 425
                )

            [50] => stdClass Object
                (
                    [value] => 2013723
                    [id] => 426
                )

            [51] => stdClass Object
                (
                    [value] => 2013723
                    [id] => 427
                )

            [52] => stdClass Object
                (
                    [value] => 2013723
                    [id] => 428
                )

            [53] => stdClass Object
                (
                    [value] => 1-2
                    [id] => 429
                )

            [54] => stdClass Object
                (
                    [value] => 1
                    [id] => 430
                )

            [55] => stdClass Object
                (
                    [value] => 2
                    [id] => 431
                )

            [56] => stdClass Object
                (
                    [value] => 3
                    [id] => 432
                )

            [57] => stdClass Object
                (
                    [value] => 0
                    [id] => 433
                )

            [58] => stdClass Object
                (
                    [value] => Yes
                    [id] => 434
                )

            [59] => stdClass Object
                (
                    [value] => 90-100
                    [id] => 435
                )

            [60] => stdClass Object
                (
                    [value] => 100
                    [id] => 436
                )

            [61] => stdClass Object
                (
                    [value] => Primary
                    [id] => 414
                )

            [62] => stdClass Object
                (
                    [value] => Agbogblah
                    [id] => 413
                )

            [63] => stdClass Object
                (
                    [value] => 1
                    [id] => 419
                )

            [64] => stdClass Object
                (
                    [value] => 1
                    [id] => 420
                )

            [65] => stdClass Object
                (
                    [value] => Yes
                    [id] => 418
                )

            [66] => stdClass Object
                (
                    [value] => No
                    [id] => 416
                )

            [67] => stdClass Object
                (
                    [value] => 2013723
                    [id] => 423
                )

            [68] => stdClass Object
                (
                    [value] => 1-5
                    [id] => 422
                )

            [69] => stdClass Object
                (
                    [value] => Class
                    [id] => 425
                )

            [70] => stdClass Object
                (
                    [value] => 2013723
                    [id] => 426
                )

            [71] => stdClass Object
                (
                    [value] => 2013723
                    [id] => 427
                )

            [72] => stdClass Object
                (
                    [value] => 2013723
                    [id] => 428
                )

            [73] => stdClass Object
                (
                    [value] => 1-2
                    [id] => 429
                )

            [74] => stdClass Object
                (
                    [value] => 1
                    [id] => 430
                )

            [75] => stdClass Object
                (
                    [value] => 2
                    [id] => 431
                )

            [76] => stdClass Object
                (
                    [value] => 3
                    [id] => 432
                )

            [77] => stdClass Object
                (
                    [value] => 0
                    [id] => 433
                )

            [78] => stdClass Object
                (
                    [value] => Yes
                    [id] => 434
                )

            [79] => stdClass Object
                (
                    [value] => 90-100
                    [id] => 435
                )

            [80] => stdClass Object
                (
                    [value] => 100
                    [id] => 436
                )

        )

    [extname] => jpg
)
