stdClass Object
(
    [filename] => 59c3e9f7-087b-489c-b15f-2406eddff035
    [categoriesList] => Array
        (
            [0] => 150
            [1] => 149
        )

    [mainReport] => stdClass Object
        (
            [ReportDate] => 2013-10-03 19:57:00
            [Descript] => This is a test
            [dateSubmitReport] => 2013-10-03 19:59:19
            [idForm] => 44
            [SimCardSn] => 8901260131525001813
            [Title] => test5
        )

    [location] => stdClass Object
        (
            [lng] => -1
            [lat] => -1
            [name] => 
        )

    [user] => stdClass Object
        (
            [firstName] => Gaurav
            [email] => grelhan@worldbank.org
            [lastName] => Relhan
        )

    [additionReport] => Array
        (
            [0] => stdClass Object
                (
                    [value] => tyy
                    [id] => 676
                )

        )

    [extname] => jpg
)
