[2013-08-17 14:30:43] : Duplicate entry '257-154' for key 'incident_category_ids'
INSERT INTO incident_category (incident_id, category_id ) 
								VALUES (257, 154)
[2013-08-17 13:20:43] : Duplicate entry '227-154' for key 2
INSERT INTO incident_category (incident_id, category_id ) 
								VALUES (227, 154)
[2013-08-20 04:14:54] : Duplicate entry '237-138' for key 2
INSERT INTO incident_category (incident_id, category_id ) 
								VALUES (237, 138)
[2013-08-22 05:43:26] : Duplicate entry '242-154' for key 2
INSERT INTO incident_category (incident_id, category_id ) 
								VALUES (242, 154)
[2013-08-23 06:37:44] : Duplicate entry '245-138' for key 2
INSERT INTO incident_category (incident_id, category_id ) 
								VALUES (245, 138)
[2013-08-23 13:59:21] : Duplicate entry '253-150' for key 2
INSERT INTO incident_category (incident_id, category_id ) 
								VALUES (253, 150)
[2013-08-27 10:13:29] : Duplicate entry '264-154' for key 'incident_category_ids'
INSERT INTO incident_category (incident_id, category_id ) 
								VALUES (264, 154)
[2013-09-10 09:50:49] : Duplicate entry '269-154' for key 'incident_category_ids'
INSERT INTO incident_category (incident_id, category_id ) 
								VALUES (269, 154)
[2013-09-11 08:53:37] : Duplicate entry '270-153' for key 'incident_category_ids'
INSERT INTO incident_category (incident_id, category_id ) 
								VALUES (270, 153)
[2013-09-12 04:19:53] : Duplicate entry '275-139' for key 'incident_category_ids'
INSERT INTO incident_category (incident_id, category_id ) 
								VALUES (275, 139)
[2013-09-12 05:50:19] : Duplicate entry '276-139' for key 'incident_category_ids'
INSERT INTO incident_category (incident_id, category_id ) 
								VALUES (276, 139)
[2013-09-16 05:21:04] : Duplicate entry '278-136' for key 'incident_category_ids'
INSERT INTO incident_category (incident_id, category_id ) 
								VALUES (278, 136)
[2013-09-27 07:47:42] : Duplicate entry '283-152' for key 'incident_category_ids'
INSERT INTO incident_category (incident_id, category_id ) 
								VALUES (283, 152)
[2013-09-27 08:17:30] : Duplicate entry '284-152' for key 'incident_category_ids'
INSERT INTO incident_category (incident_id, category_id ) 
								VALUES (284, 152)
[2013-09-27 12:27:01] : Duplicate entry '287-152' for key 'incident_category_ids'
INSERT INTO incident_category (incident_id, category_id ) 
								VALUES (287, 152)
[2013-09-30 09:57:12] : Duplicate entry '295-138' for key 'incident_category_ids'
INSERT INTO incident_category (incident_id, category_id ) 
								VALUES (295, 138)
[2013-09-30 10:02:02] : Duplicate entry '297-126' for key 'incident_category_ids'
INSERT INTO incident_category (incident_id, category_id ) 
								VALUES (297, 126)
[2013-10-01 09:15:52] : Duplicate entry '308-138' for key 'incident_category_ids'
INSERT INTO incident_category (incident_id, category_id ) 
								VALUES (308, 138)
[2013-10-01 09:15:58] : Duplicate entry '309-138' for key 'incident_category_ids'
INSERT INTO incident_category (incident_id, category_id ) 
								VALUES (309, 138)
[2013-10-01 09:16:26] : Duplicate entry '310-138' for key 'incident_category_ids'
INSERT INTO incident_category (incident_id, category_id ) 
								VALUES (310, 138)
[2013-10-01 09:18:10] : Duplicate entry '311-138' for key 'incident_category_ids'
INSERT INTO incident_category (incident_id, category_id ) 
								VALUES (311, 138)
[2013-10-01 09:21:47] : Duplicate entry '313-138' for key 'incident_category_ids'
INSERT INTO incident_category (incident_id, category_id ) 
								VALUES (313, 138)
[2013-10-01 09:47:17] : Duplicate entry '321-152' for key 'incident_category_ids'
INSERT INTO incident_category (incident_id, category_id ) 
								VALUES (321, 152)
[2013-10-01 10:11:43] : Duplicate entry '323-154' for key 'incident_category_ids'
INSERT INTO incident_category (incident_id, category_id ) 
								VALUES (323, 154)
[2013-10-01 10:14:40] : Duplicate entry '324-135' for key 'incident_category_ids'
INSERT INTO incident_category (incident_id, category_id ) 
								VALUES (324, 135)
[2013-10-01 10:20:56] : Duplicate entry '325-138' for key 'incident_category_ids'
INSERT INTO incident_category (incident_id, category_id ) 
								VALUES (325, 138)
[2013-10-01 10:21:00] : Duplicate entry '326-138' for key 'incident_category_ids'
INSERT INTO incident_category (incident_id, category_id ) 
								VALUES (326, 138)
[2013-10-01 22:33:07] : Duplicate entry '337-132' for key 'incident_category_ids'
INSERT INTO incident_category (incident_id, category_id ) 
								VALUES (337, 132)
[2013-10-01 22:36:20] : Duplicate entry '338-138' for key 'incident_category_ids'
INSERT INTO incident_category (incident_id, category_id ) 
								VALUES (338, 138)
[2013-10-02 07:12:54] : Duplicate entry '345-138' for key 'incident_category_ids'
INSERT INTO incident_category (incident_id, category_id ) 
								VALUES (345, 138)
[2013-10-02 09:05:59] : Duplicate entry '349-135' for key 'incident_category_ids'
INSERT INTO incident_category (incident_id, category_id ) 
								VALUES (349, 135)
[2013-10-03 23:01:43] : Duplicate entry '359-132' for key 'incident_category_ids'
INSERT INTO incident_category (incident_id, category_id ) 
								VALUES (359, 132)
[2013-10-04 03:15:43] : Duplicate entry '372-138' for key 'incident_category_ids'
INSERT INTO incident_category (incident_id, category_id ) 
								VALUES (372, 138)
[2013-10-08 12:40:55] : Duplicate entry '387-124' for key 'incident_category_ids'
INSERT INTO incident_category (incident_id, category_id ) 
								VALUES (387, 124)
[2013-10-09 13:23:35] : Duplicate entry '390-170' for key 'incident_category_ids'
INSERT INTO incident_category (incident_id, category_id ) 
								VALUES (390, 170)
[2013-10-10 07:09:45] : Duplicate entry '393-138' for key 'incident_category_ids'
INSERT INTO incident_category (incident_id, category_id ) 
								VALUES (393, 138)
[2013-10-10 07:09:55] : Duplicate entry '394-138' for key 'incident_category_ids'
INSERT INTO incident_category (incident_id, category_id ) 
								VALUES (394, 138)
[2013-10-14 18:53:12] : Duplicate entry '405-148' for key 'incident_category_ids'
INSERT INTO incident_category (incident_id, category_id ) 
								VALUES (405, 148)
[2013-10-15 15:07:14] : Duplicate entry '408-135' for key 'incident_category_ids'
INSERT INTO incident_category (incident_id, category_id ) 
								VALUES (408, 135)
[2013-10-18 17:17:28] : Duplicate entry '413-132' for key 'incident_category_ids'
INSERT INTO incident_category (incident_id, category_id ) 
								VALUES (413, 132)
[2013-10-19 13:10:56] : Duplicate entry '415-124' for key 'incident_category_ids'
INSERT INTO incident_category (incident_id, category_id ) 
								VALUES (415, 124)
[2013-10-19 13:11:00] : Duplicate entry '416-122' for key 'incident_category_ids'
INSERT INTO incident_category (incident_id, category_id ) 
								VALUES (416, 122)
[2013-10-19 13:32:17] : Duplicate entry '418-132' for key 'incident_category_ids'
INSERT INTO incident_category (incident_id, category_id ) 
								VALUES (418, 132)
[2013-10-21 05:25:58] : Duplicate entry '419-171' for key 'incident_category_ids'
INSERT INTO incident_category (incident_id, category_id ) 
								VALUES (419, 171)
